This is pdfTeX, Version 3.141592653-2.6-1.40.25 (Web2C 2023) (preloaded format=pdflatex 2024.1.6)  11 FEB 2024 21:04
entering extended mode
 \write18 enabled.
 file:line:error style messages enabled.
 %&-line parsing enabled.
**/usr/home/hackerman/Desktop/TexUndCo/Phy/referat-vlhkost/src/main.tex
(/usr/home/hackerman/Desktop/TexUndCo/Phy/referat-vlhkost/src/main.tex
LaTeX2e <2023-06-01> pre-release-2 (develop 2024-1-6 branch)
L3 programming layer <2023-02-22>
(/usr/local/share/texmf-dist/tex/latex/extsizes/extarticle.cls
Document Class: extarticle 1996/10/08 v1.0 Non Standard LaTeX document class
(/usr/local/share/texmf-dist/tex/latex-dev/base/size11.clo
File: size11.clo 2022/07/02 v1.4n Standard LaTeX file (size option)
)
(/usr/local/share/texmf-dist/tex/latex-dev/base/exscale.sty
Package: exscale 2018/09/24 v2.1i Standard LaTeX package exscale
LaTeX Font Info:    Redeclaring symbol font `largesymbols' on input line 57.
LaTeX Font Info:    Overwriting symbol font `largesymbols' in version `normal'
(Font)                  OMX/cmex/m/n --> OMX/cmex/m/n on input line 57.
LaTeX Font Info:    Overwriting symbol font `largesymbols' in version `bold'
(Font)                  OMX/cmex/m/n --> OMX/cmex/m/n on input line 57.
\big@size=\dimen140
)
\c@part=\count185
\c@section=\count186
\c@subsection=\count187
\c@subsubsection=\count188
\c@paragraph=\count189
\c@subparagraph=\count190
\c@figure=\count191
\c@table=\count192
\abovecaptionskip=\skip48
\belowcaptionskip=\skip49
\bibindent=\dimen141
)
(/usr/local/share/texmf-dist/tex/latex/geometry/geometry.sty
Package: geometry 2020/01/02 v5.9 Page Geometry

(/usr/local/share/texmf-dist/tex/latex/graphics/keyval.sty
Package: keyval 2022/05/29 v1.15 key=value parser (DPC)
\KV@toks@=\toks17
)
(/usr/local/share/texmf-dist/tex/generic/iftex/ifvtex.sty
Package: ifvtex 2019/10/25 v1.7 ifvtex legacy package. Use iftex instead.

(/usr/local/share/texmf-dist/tex/generic/iftex/iftex.sty
Package: iftex 2022/02/03 v1.0f TeX engine tests
))
\Gm@cnth=\count193
\Gm@cntv=\count194
\c@Gm@tempcnt=\count195
\Gm@bindingoffset=\dimen142
\Gm@wd@mp=\dimen143
\Gm@odd@mp=\dimen144
\Gm@even@mp=\dimen145
\Gm@layoutwidth=\dimen146
\Gm@layoutheight=\dimen147
\Gm@layouthoffset=\dimen148
\Gm@layoutvoffset=\dimen149
\Gm@dimlist=\toks18
)
(/usr/local/share/texmf-dist/tex/generic/babel/babel.sty
Package: babel 2023/02/13 3.86 The Babel package
\babel@savecnt=\count196
\U@D=\dimen150
\l@unhyphenated=\language87

(/usr/local/share/texmf-dist/tex/generic/babel/txtbabel.def)
\bbl@readstream=\read2
\bbl@dirlevel=\count197

(/usr/local/share/texmf-dist/tex/generic/babel-slovak/slovak.ldf
Language: slovak 2008/07/06 v3.1a Slovak support from the babel system
Package babel Info: Making ^ an active character on input line 123.
Package babel Info: Making " an active character on input line 126.
Package babel Info: Making ' an active character on input line 129.
\cs@wordlen=\count198
Package babel Info: Making - an active character on input line 294.
))
(/usr/local/share/texmf-dist/tex/generic/babel/locale/sk/babel-slovak.tex
Package babel Info: Importing font and identification data for slovak
(babel)             from babel-sk.ini. Reported on input line 11.
)
(/usr/local/share/texmf-dist/tex/latex-dev/base/fontenc.sty
Package: fontenc 2021/04/29 v2.0v Standard LaTeX package
)
(/usr/local/share/texmf-dist/tex/latex-dev/base/textcomp.sty
Package: textcomp 2020/02/02 v2.0n Standard LaTeX package
)
(/usr/local/share/texmf-dist/tex/latex/mathcomp/mathcomp.sty
Package: mathcomp 2001/01/07 v0.1f (TBo)
\symTC=\mathgroup4
LaTeX Font Info:    Overwriting symbol font `TC' in version `bold'
(Font)                  TS1/cmr/m/n --> TS1/cmr/bx/n on input line 25.
LaTeX Font Info:    Redeclaring math symbol \dagger on input line 47.
LaTeX Font Info:    Redeclaring math symbol \ddagger on input line 48.
)
(/usr/local/share/texmf-dist/tex/latex/amsmath/amsmath.sty
Package: amsmath 2022/04/08 v2.17n AMS math features
\@mathmargin=\skip50

For additional information on amsmath, use the `?' option.
(/usr/local/share/texmf-dist/tex/latex/amsmath/amstext.sty
Package: amstext 2021/08/26 v2.01 AMS text

(/usr/local/share/texmf-dist/tex/latex/amsmath/amsgen.sty
File: amsgen.sty 1999/11/30 v2.0 generic functions
\@emptytoks=\toks19
\ex@=\dimen151
))
(/usr/local/share/texmf-dist/tex/latex/amsmath/amsbsy.sty
Package: amsbsy 1999/11/29 v1.2d Bold Symbols
\pmbraise@=\dimen152
)
(/usr/local/share/texmf-dist/tex/latex/amsmath/amsopn.sty
Package: amsopn 2022/04/08 v2.04 operator names
)
\inf@bad=\count199
LaTeX Info: Redefining \frac on input line 234.
\uproot@=\count266
\leftroot@=\count267
LaTeX Info: Redefining \overline on input line 399.
LaTeX Info: Redefining \colon on input line 410.
\classnum@=\count268
\DOTSCASE@=\count269
LaTeX Info: Redefining \ldots on input line 496.
LaTeX Info: Redefining \dots on input line 499.
LaTeX Info: Redefining \cdots on input line 620.
\Mathstrutbox@=\box51
\strutbox@=\box52
LaTeX Info: Redefining \big on input line 722.
LaTeX Info: Redefining \Big on input line 723.
LaTeX Info: Redefining \bigg on input line 724.
LaTeX Info: Redefining \Bigg on input line 725.
\big@size=\dimen153
LaTeX Font Info:    Redeclaring font encoding OML on input line 743.
LaTeX Font Info:    Redeclaring font encoding OMS on input line 744.
\macc@depth=\count270
LaTeX Info: Redefining \bmod on input line 905.
LaTeX Info: Redefining \pmod on input line 910.
LaTeX Info: Redefining \smash on input line 940.
LaTeX Info: Redefining \relbar on input line 970.
LaTeX Info: Redefining \Relbar on input line 971.
\c@MaxMatrixCols=\count271
\dotsspace@=\muskip16
\c@parentequation=\count272
\dspbrk@lvl=\count273
\tag@help=\toks20
\row@=\count274
\column@=\count275
\maxfields@=\count276
\andhelp@=\toks21
\eqnshift@=\dimen154
\alignsep@=\dimen155
\tagshift@=\dimen156
\tagwidth@=\dimen157
\totwidth@=\dimen158
\lineht@=\dimen159
\@envbody=\toks22
\multlinegap=\skip51
\multlinetaggap=\skip52
\mathdisplay@stack=\toks23
LaTeX Info: Redefining \[ on input line 2953.
LaTeX Info: Redefining \] on input line 2954.
)
(/usr/local/share/texmf-dist/tex/latex/graphics/graphicx.sty
Package: graphicx 2021/09/16 v1.2d Enhanced LaTeX Graphics (DPC,SPQR)

(/usr/local/share/texmf-dist/tex/latex/graphics/graphics.sty
Package: graphics 2022/03/10 v1.4e Standard LaTeX Graphics (DPC,SPQR)

(/usr/local/share/texmf-dist/tex/latex/graphics/trig.sty
Package: trig 2021/08/11 v1.11 sin cos tan (DPC)
)
(/usr/local/share/texmf-dist/tex/latex/graphics-cfg/graphics.cfg
File: graphics.cfg 2016/06/04 v1.11 sample graphics configuration
)
Package graphics Info: Driver file: pdftex.def on input line 107.

(/usr/local/share/texmf-dist/tex/latex/graphics-def/pdftex.def
File: pdftex.def 2022/09/22 v1.2b Graphics/color driver for pdftex
))
\Gin@req@height=\dimen160
\Gin@req@width=\dimen161
)
(/usr/local/share/texmf-dist/tex/latex/l3backend/l3backend-pdftex.def
File: l3backend-pdftex.def 2023-01-16 L3 backend support: PDF output (pdfTeX)
\l__color_backend_stack_int=\count277
\l__pdf_internal_box=\box53
)
(/usr/home/hackerman/Desktop/TexUndCo/Phy/referat-vlhkost/out/main.aux)
\openout1 = `main.aux'.

LaTeX Font Info:    Checking defaults for OML/cmm/m/it on input line 18.
LaTeX Font Info:    ... okay on input line 18.
LaTeX Font Info:    Checking defaults for OMS/cmsy/m/n on input line 18.
LaTeX Font Info:    ... okay on input line 18.
LaTeX Font Info:    Checking defaults for OT1/cmr/m/n on input line 18.
LaTeX Font Info:    ... okay on input line 18.
LaTeX Font Info:    Checking defaults for T1/cmr/m/n on input line 18.
LaTeX Font Info:    ... okay on input line 18.
LaTeX Font Info:    Checking defaults for TS1/cmr/m/n on input line 18.
LaTeX Font Info:    ... okay on input line 18.
LaTeX Font Info:    Checking defaults for OMX/cmex/m/n on input line 18.
LaTeX Font Info:    ... okay on input line 18.
LaTeX Font Info:    Checking defaults for U/cmr/m/n on input line 18.
LaTeX Font Info:    ... okay on input line 18.

*geometry* driver: auto-detecting
*geometry* detected driver: pdftex
*geometry* verbose mode - [ preamble ] result:
* driver: pdftex
* paper: <default>
* layout: <same size as paper>
* layoutoffset:(h,v)=(0.0pt,0.0pt)
* modes: 
* h-part:(L,W,R)=(35.0pt, 544.295pt, 35.0pt)
* v-part:(T,H,B)=(35.0pt, 724.96999pt, 35.0pt)
* \paperwidth=614.295pt
* \paperheight=794.96999pt
* \textwidth=544.295pt
* \textheight=724.96999pt
* \oddsidemargin=-37.26999pt
* \evensidemargin=-37.26999pt
* \topmargin=-74.26999pt
* \headheight=12.0pt
* \headsep=25.0pt
* \topskip=11.0pt
* \footskip=30.0pt
* \marginparwidth=59.0pt
* \marginparsep=10.0pt
* \columnsep=10.0pt
* \skip\footins=10.0pt plus 4.0pt minus 2.0pt
* \hoffset=0.0pt
* \voffset=0.0pt
* \mag=1000
* \@twocolumnfalse
* \@twosidefalse
* \@mparswitchfalse
* \@reversemarginfalse
* (1in=72.27pt=25.4mm, 1cm=28.453pt)

(/usr/local/share/texmf-dist/tex/context/base/mkii/supp-pdf.mkii
[Loading MPS to PDF converter (version 2006.09.02).]
\scratchcounter=\count278
\scratchdimen=\dimen162
\scratchbox=\box54
\nofMPsegments=\count279
\nofMParguments=\count280
\everyMPshowfont=\toks24
\MPscratchCnt=\count281
\MPscratchDim=\dimen163
\MPnumerator=\count282
\makeMPintoPDFobject=\count283
\everyMPtoPDFconversion=\toks25
) (/usr/local/share/texmf-dist/tex/latex/epstopdf-pkg/epstopdf-base.sty
Package: epstopdf-base 2020-01-24 v2.11 Base part for package epstopdf
Package epstopdf-base Info: Redefining graphics rule for `.eps' on input line 4
85.

(/usr/local/share/texmf-dist/tex/latex/latexconfig/epstopdf-sys.cfg
File: epstopdf-sys.cfg 2010/07/13 v1.3 Configuration of (r)epstopdf for TeX Liv
e
))
Underfull \hbox (badness 10000) in paragraph at lines 26--27

 []


Underfull \hbox (badness 10000) in paragraph at lines 28--30

 []


Underfull \hbox (badness 10000) in paragraph at lines 31--32

 []


Underfull \hbox (badness 10000) in paragraph at lines 33--35

 []

<./assets//stevenson-screen-interior.jpg, id=1, 1284.8pt x 969.6225pt>
File: ./assets//stevenson-screen-interior.jpg Graphic file (type jpg)
<use ./assets//stevenson-screen-interior.jpg>
Package pdftex.def Info: ./assets//stevenson-screen-interior.jpg  used on input
 line 37.
(pdftex.def)             Requested size: 263.89542pt x 199.16928pt.
<./assets//sling-psychrometer.jpg, id=2, 1078.0275pt x 1027.84pt>
File: ./assets//sling-psychrometer.jpg Graphic file (type jpg)
<use ./assets//sling-psychrometer.jpg>
Package pdftex.def Info: ./assets//sling-psychrometer.jpg  used on input line 3
8.
(pdftex.def)             Requested size: 208.89034pt x 199.16928pt.

Underfull \hbox (badness 10000) in paragraph at lines 44--45

 []

[1

{/usr/local/share/texmf-dist/fonts/map/pdftex/updmap/pdftex.map}{/usr/local/sha
re/texmf-dist/fonts/enc/dvips/cm-super/cm-super-t1.enc} <./assets//stevenson-sc
reen-interior.jpg> <./assets//sling-psychrometer.jpg>]
<./assets//moj-sling-psychrometer-1.jpg, id=13, 4047.12pt x 3035.34pt>
File: ./assets//moj-sling-psychrometer-1.jpg Graphic file (type jpg)
<use ./assets//moj-sling-psychrometer-1.jpg>
Package pdftex.def Info: ./assets//moj-sling-psychrometer-1.jpg  used on input 
line 46.
(pdftex.def)             Requested size: 170.68805pt x 128.0374pt.
<./assets//moj-sling-psychrometer-2.jpg, id=14, 4047.12pt x 3035.34pt>
File: ./assets//moj-sling-psychrometer-2.jpg Graphic file (type jpg)
<use ./assets//moj-sling-psychrometer-2.jpg>
Package pdftex.def Info: ./assets//moj-sling-psychrometer-2.jpg  used on input 
line 47.
(pdftex.def)             Requested size: 170.68805pt x 128.0374pt.
<./assets//moj-sling-psychrometer-3.jpg, id=15, 4047.12pt x 3035.34pt>
File: ./assets//moj-sling-psychrometer-3.jpg Graphic file (type jpg)
<use ./assets//moj-sling-psychrometer-3.jpg>
Package pdftex.def Info: ./assets//moj-sling-psychrometer-3.jpg  used on input 
line 48.
(pdftex.def)             Requested size: 170.68805pt x 128.0374pt.
<./assets//relative-humidity-table.png, id=16, 845.1575pt x 537.00626pt>
File: ./assets//relative-humidity-table.png Graphic file (type png)
<use ./assets//relative-humidity-table.png>
Package pdftex.def Info: ./assets//relative-humidity-table.png  used on input l
ine 55.
(pdftex.def)             Requested size: 489.86217pt x 311.25899pt.

Underfull \hbox (badness 10000) in paragraph at lines 62--65

 []

[2{/usr/local/share/texmf-dist/fonts/enc/dvips/cm-super/cm-super-ts1.enc} <./as
sets//moj-sling-psychrometer-1.jpg> <./assets//moj-sling-psychrometer-2.jpg> <.
/assets//moj-sling-psychrometer-3.jpg> <./assets//relative-humidity-table.png (
PNG copy)>] [3]
(/usr/home/hackerman/Desktop/TexUndCo/Phy/referat-vlhkost/out/main.aux)
 ***********
LaTeX2e <2023-06-01> pre-release-2 (develop 2024-1-6 branch)
L3 programming layer <2023-02-22>
 ***********
 ) 
Here is how much of TeX's memory you used:
 4200 strings out of 476000
 69488 string characters out of 5793089
 1856432 words of memory out of 5000000
 24646 multiletter control sequences out of 15000+600000
 522725 words of font info for 58 fonts, out of 8000000 for 9000
 1141 hyphenation exceptions out of 8191
 57i,6n,62p,463b,196s stack positions out of 10000i,2500n,20000p,300000b,200000s
</usr/local/share/texmf-dist/fonts/type1/public/amsfonts/cm/cmmi10.pfb></usr/
local/share/texmf-dist/fonts/type1/public/amsfonts/cm/cmmi8.pfb></usr/local/sha
re/texmf-dist/fonts/type1/public/amsfonts/cm/cmr10.pfb></usr/local/share/texmf-
dist/fonts/type1/public/amsfonts/cm/cmr8.pfb></usr/local/share/texmf-dist/fonts
/type1/public/amsfonts/cm/cmsy10.pfb></usr/local/share/texmf-dist/fonts/type1/p
ublic/cm-super/sfbx1440.pfb></usr/local/share/texmf-dist/fonts/type1/public/cm-
super/sfrm1095.pfb></usr/local/share/texmf-dist/fonts/type1/public/cm-super/sfr
m1200.pfb></usr/local/share/texmf-dist/fonts/type1/public/cm-super/sfrm1440.pfb
></usr/local/share/texmf-dist/fonts/type1/public/cm-super/sfrm1728.pfb></usr/lo
cal/share/texmf-dist/fonts/type1/public/cm-super/sfti1095.pfb>
Output written on /usr/home/hackerman/Desktop/TexUndCo/Phy/referat-vlhkost/out/
main.pdf (3 pages, 8834120 bytes).
PDF statistics:
 80 PDF objects out of 1000 (max. 8388607)
 45 compressed objects within 1 object stream
 0 named destinations out of 1000 (max. 500000)
 31 words of extra memory for PDF output out of 10000 (max. 10000000)

