This is pdfTeX, Version 3.141592653-2.6-1.40.25 (Web2C 2023) (preloaded format=pdflatex 2024.1.6)  18 MAR 2024 22:03
entering extended mode
 \write18 enabled.
 file:line:error style messages enabled.
 %&-line parsing enabled.
**/usr/home/hackerman/Desktop/TexUndCo/Bio/StitnaZlazaPrezentacia/src/main.tex
(/usr/home/hackerman/Desktop/TexUndCo/Bio/StitnaZlazaPrezentacia/src/main.tex
LaTeX2e <2023-06-01> pre-release-2 (develop 2024-1-6 branch)
L3 programming layer <2023-02-22>

/usr/home/hackerman/Desktop/TexUndCo/Bio/StitnaZlazaPrezentacia/src/main.tex:3:
 LaTeX Error: Missing \begin{document}.

See the LaTeX manual or LaTeX Companion for explanation.
Type  H <return>  for immediate help.
 ...                                              
                                                  
l.3 1
      0 obj
? X
 
Here is how much of TeX's memory you used:
 19 strings out of 476000
 711 string characters out of 5793089
 1849432 words of memory out of 5000000
 20601 multiletter control sequences out of 15000+600000
 512287 words of font info for 32 fonts, out of 8000000 for 9000
 1141 hyphenation exceptions out of 8191
 13i,0n,12p,116b,14s stack positions out of 10000i,2500n,20000p,300000b,200000s
No pages of output.
PDF statistics:
 0 PDF objects out of 1000 (max. 8388607)
 0 named destinations out of 1000 (max. 500000)
 1 words of extra memory for PDF output out of 10000 (max. 10000000)

