This is pdfTeX, Version 3.141592653-2.6-1.40.25 (Web2C 2023) (preloaded format=pdflatex 2023.10.19)  24 NOV 2023 12:13
entering extended mode
 \write18 enabled.
 file:line:error style messages enabled.
 %&-line parsing enabled.
**/usr/home/hackerman/Desktop/TexUndCo/Phy/src/main.tex
(/usr/home/hackerman/Desktop/TexUndCo/Phy/src/main.tex
LaTeX2e <2023-06-01> pre-release-2 (develop 2023-10-19 branch)
L3 programming layer <2023-02-22>
(/usr/local/share/texmf-dist/tex/latex/beamer/beamer.cls
Document Class: beamer 2023/02/20 v3.69 A class for typesetting presentations
(/usr/local/share/texmf-dist/tex/latex/beamer/beamerbasemodes.sty
(/usr/local/share/texmf-dist/tex/latex/etoolbox/etoolbox.sty
Package: etoolbox 2020/10/05 v2.5k e-TeX tools for LaTeX (JAW)
\etb@tempcnta=\count185
)
\beamer@tempbox=\box51
\beamer@tempcount=\count186
\c@beamerpauses=\count187

(/usr/local/share/texmf-dist/tex/latex/beamer/beamerbasedecode.sty
\beamer@slideinframe=\count188
\beamer@minimum=\count189
\beamer@decode@box=\box52
)
\beamer@commentbox=\box53
\beamer@modecount=\count190
)
(/usr/local/share/texmf-dist/tex/generic/iftex/iftex.sty
Package: iftex 2022/02/03 v1.0f TeX engine tests
)
\headdp=\dimen140
\footheight=\dimen141
\sidebarheight=\dimen142
\beamer@tempdim=\dimen143
\beamer@finalheight=\dimen144
\beamer@animht=\dimen145
\beamer@animdp=\dimen146
\beamer@animwd=\dimen147
\beamer@leftmargin=\dimen148
\beamer@rightmargin=\dimen149
\beamer@leftsidebar=\dimen150
\beamer@rightsidebar=\dimen151
\beamer@boxsize=\dimen152
\beamer@vboxoffset=\dimen153
\beamer@descdefault=\dimen154
\beamer@descriptionwidth=\dimen155
\beamer@lastskip=\skip48
\beamer@areabox=\box54
\beamer@animcurrent=\box55
\beamer@animshowbox=\box56
\beamer@sectionbox=\box57
\beamer@logobox=\box58
\beamer@linebox=\box59
\beamer@sectioncount=\count191
\beamer@subsubsectionmax=\count192
\beamer@subsectionmax=\count193
\beamer@sectionmax=\count194
\beamer@totalheads=\count195
\beamer@headcounter=\count196
\beamer@partstartpage=\count197
\beamer@sectionstartpage=\count198
\beamer@subsectionstartpage=\count199
\beamer@animationtempa=\count266
\beamer@animationtempb=\count267
\beamer@xpos=\count268
\beamer@ypos=\count269
\beamer@ypos@offset=\count270
\beamer@showpartnumber=\count271
\beamer@currentsubsection=\count272
\beamer@coveringdepth=\count273
\beamer@sectionadjust=\count274
\beamer@toclastsection=\count275
\beamer@tocsectionnumber=\count276

(/usr/local/share/texmf-dist/tex/latex/beamer/beamerbaseoptions.sty
(/usr/local/share/texmf-dist/tex/latex/graphics/keyval.sty
Package: keyval 2022/05/29 v1.15 key=value parser (DPC)
\KV@toks@=\toks17
))
\beamer@paperwidth=\skip49
\beamer@paperheight=\skip50

(/usr/local/share/texmf-dist/tex/latex/geometry/geometry.sty
Package: geometry 2020/01/02 v5.9 Page Geometry

(/usr/local/share/texmf-dist/tex/generic/iftex/ifvtex.sty
Package: ifvtex 2019/10/25 v1.7 ifvtex legacy package. Use iftex instead.
)
\Gm@cnth=\count277
\Gm@cntv=\count278
\c@Gm@tempcnt=\count279
\Gm@bindingoffset=\dimen156
\Gm@wd@mp=\dimen157
\Gm@odd@mp=\dimen158
\Gm@even@mp=\dimen159
\Gm@layoutwidth=\dimen160
\Gm@layoutheight=\dimen161
\Gm@layouthoffset=\dimen162
\Gm@layoutvoffset=\dimen163
\Gm@dimlist=\toks18
)
(/usr/local/share/texmf-dist/tex/latex/pgf/math/pgfmath.sty
(/usr/local/share/texmf-dist/tex/latex/pgf/utilities/pgfrcs.sty
(/usr/local/share/texmf-dist/tex/generic/pgf/utilities/pgfutil-common.tex
\pgfutil@everybye=\toks19
\pgfutil@tempdima=\dimen164
\pgfutil@tempdimb=\dimen165
)
(/usr/local/share/texmf-dist/tex/generic/pgf/utilities/pgfutil-latex.def
\pgfutil@abb=\box60
)
(/usr/local/share/texmf-dist/tex/generic/pgf/utilities/pgfrcs.code.tex
(/usr/local/share/texmf-dist/tex/generic/pgf/pgf.revision.tex)
Package: pgfrcs 2023-01-15 v3.1.10 (3.1.10)
))
(/usr/local/share/texmf-dist/tex/latex/pgf/utilities/pgfkeys.sty
(/usr/local/share/texmf-dist/tex/generic/pgf/utilities/pgfkeys.code.tex
\pgfkeys@pathtoks=\toks20
\pgfkeys@temptoks=\toks21

(/usr/local/share/texmf-dist/tex/generic/pgf/utilities/pgfkeyslibraryfiltered.c
ode.tex
\pgfkeys@tmptoks=\toks22
))) (/usr/local/share/texmf-dist/tex/generic/pgf/math/pgfmath.code.tex
(/usr/local/share/texmf-dist/tex/generic/pgf/math/pgfmathutil.code.tex
\pgf@x=\dimen166
\pgf@xa=\dimen167
\pgf@xb=\dimen168
\pgf@xc=\dimen169
\pgf@y=\dimen170
\pgf@ya=\dimen171
\pgf@yb=\dimen172
\pgf@yc=\dimen173
\c@pgf@counta=\count280
\c@pgf@countb=\count281
\c@pgf@countc=\count282
\c@pgf@countd=\count283
)
(/usr/local/share/texmf-dist/tex/generic/pgf/math/pgfmathparser.code.tex
\pgfmath@dimen=\dimen174
\pgfmath@count=\count284
\pgfmath@box=\box61
\pgfmath@toks=\toks23
\pgfmath@stack@operand=\toks24
\pgfmath@stack@operation=\toks25
)
(/usr/local/share/texmf-dist/tex/generic/pgf/math/pgfmathfunctions.code.tex)
(/usr/local/share/texmf-dist/tex/generic/pgf/math/pgfmathfunctions.basic.code.t
ex)
(/usr/local/share/texmf-dist/tex/generic/pgf/math/pgfmathfunctions.trigonometri
c.code.tex)
(/usr/local/share/texmf-dist/tex/generic/pgf/math/pgfmathfunctions.random.code.
tex)
(/usr/local/share/texmf-dist/tex/generic/pgf/math/pgfmathfunctions.comparison.c
ode.tex)
(/usr/local/share/texmf-dist/tex/generic/pgf/math/pgfmathfunctions.base.code.te
x)
(/usr/local/share/texmf-dist/tex/generic/pgf/math/pgfmathfunctions.round.code.t
ex)
(/usr/local/share/texmf-dist/tex/generic/pgf/math/pgfmathfunctions.misc.code.te
x)
(/usr/local/share/texmf-dist/tex/generic/pgf/math/pgfmathfunctions.integerarith
metics.code.tex)
(/usr/local/share/texmf-dist/tex/generic/pgf/math/pgfmathcalc.code.tex)
(/usr/local/share/texmf-dist/tex/generic/pgf/math/pgfmathfloat.code.tex
\c@pgfmathroundto@lastzeros=\count285
)))
(/usr/local/share/texmf-dist/tex/latex-dev/base/size11.clo
File: size11.clo 2022/07/02 v1.4n Standard LaTeX file (size option)
)
(/usr/local/share/texmf-dist/tex/latex/pgf/basiclayer/pgfcore.sty
(/usr/local/share/texmf-dist/tex/latex/graphics/graphicx.sty
Package: graphicx 2021/09/16 v1.2d Enhanced LaTeX Graphics (DPC,SPQR)

(/usr/local/share/texmf-dist/tex/latex/graphics/graphics.sty
Package: graphics 2022/03/10 v1.4e Standard LaTeX Graphics (DPC,SPQR)

(/usr/local/share/texmf-dist/tex/latex/graphics/trig.sty
Package: trig 2021/08/11 v1.11 sin cos tan (DPC)
)
(/usr/local/share/texmf-dist/tex/latex/graphics-cfg/graphics.cfg
File: graphics.cfg 2016/06/04 v1.11 sample graphics configuration
)
Package graphics Info: Driver file: pdftex.def on input line 107.

(/usr/local/share/texmf-dist/tex/latex/graphics-def/pdftex.def
File: pdftex.def 2022/09/22 v1.2b Graphics/color driver for pdftex
))
\Gin@req@height=\dimen175
\Gin@req@width=\dimen176
)
(/usr/local/share/texmf-dist/tex/latex/pgf/systemlayer/pgfsys.sty
(/usr/local/share/texmf-dist/tex/generic/pgf/systemlayer/pgfsys.code.tex
Package: pgfsys 2023-01-15 v3.1.10 (3.1.10)
\pgf@x=\dimen177
\pgf@y=\dimen178
\pgf@xa=\dimen179
\pgf@ya=\dimen180
\pgf@xb=\dimen181
\pgf@yb=\dimen182
\pgf@xc=\dimen183
\pgf@yc=\dimen184
\pgf@xd=\dimen185
\pgf@yd=\dimen186
\w@pgf@writea=\write3
\r@pgf@reada=\read2
\c@pgf@counta=\count286
\c@pgf@countb=\count287
\c@pgf@countc=\count288
\c@pgf@countd=\count289
\t@pgf@toka=\toks26
\t@pgf@tokb=\toks27
\t@pgf@tokc=\toks28
\pgf@sys@id@count=\count290

(/usr/local/share/texmf-dist/tex/generic/pgf/systemlayer/pgf.cfg
File: pgf.cfg 2023-01-15 v3.1.10 (3.1.10)
)
Driver file for pgf: pgfsys-pdftex.def

(/usr/local/share/texmf-dist/tex/generic/pgf/systemlayer/pgfsys-pdftex.def
File: pgfsys-pdftex.def 2023-01-15 v3.1.10 (3.1.10)

(/usr/local/share/texmf-dist/tex/generic/pgf/systemlayer/pgfsys-common-pdf.def
File: pgfsys-common-pdf.def 2023-01-15 v3.1.10 (3.1.10)
)))
(/usr/local/share/texmf-dist/tex/generic/pgf/systemlayer/pgfsyssoftpath.code.te
x
File: pgfsyssoftpath.code.tex 2023-01-15 v3.1.10 (3.1.10)
\pgfsyssoftpath@smallbuffer@items=\count291
\pgfsyssoftpath@bigbuffer@items=\count292
)
(/usr/local/share/texmf-dist/tex/generic/pgf/systemlayer/pgfsysprotocol.code.te
x
File: pgfsysprotocol.code.tex 2023-01-15 v3.1.10 (3.1.10)
)) (/usr/local/share/texmf-dist/tex/latex/xcolor/xcolor.sty
Package: xcolor 2022/06/12 v2.14 LaTeX color extensions (UK)

(/usr/local/share/texmf-dist/tex/latex/graphics-cfg/color.cfg
File: color.cfg 2016/01/02 v1.6 sample color configuration
)
Package xcolor Info: Driver file: pdftex.def on input line 227.

(/usr/local/share/texmf-dist/tex/latex/graphics/mathcolor.ltx)
Package xcolor Info: Model `cmy' substituted by `cmy0' on input line 1353.
Package xcolor Info: Model `hsb' substituted by `rgb' on input line 1357.
Package xcolor Info: Model `RGB' extended on input line 1369.
Package xcolor Info: Model `HTML' substituted by `rgb' on input line 1371.
Package xcolor Info: Model `Hsb' substituted by `hsb' on input line 1372.
Package xcolor Info: Model `tHsb' substituted by `hsb' on input line 1373.
Package xcolor Info: Model `HSB' substituted by `hsb' on input line 1374.
Package xcolor Info: Model `Gray' substituted by `gray' on input line 1375.
Package xcolor Info: Model `wave' substituted by `hsb' on input line 1376.

(/usr/local/share/texmf-dist/tex/latex/graphics/dvipsnam.def
File: dvipsnam.def 2016/06/17 v3.0m Driver-dependent file (DPC,SPQR)
))
(/usr/local/share/texmf-dist/tex/generic/pgf/basiclayer/pgfcore.code.tex
Package: pgfcore 2023-01-15 v3.1.10 (3.1.10)

(/usr/local/share/texmf-dist/tex/generic/pgf/math/pgfint.code.tex)
(/usr/local/share/texmf-dist/tex/generic/pgf/basiclayer/pgfcorepoints.code.tex
File: pgfcorepoints.code.tex 2023-01-15 v3.1.10 (3.1.10)
\pgf@picminx=\dimen187
\pgf@picmaxx=\dimen188
\pgf@picminy=\dimen189
\pgf@picmaxy=\dimen190
\pgf@pathminx=\dimen191
\pgf@pathmaxx=\dimen192
\pgf@pathminy=\dimen193
\pgf@pathmaxy=\dimen194
\pgf@xx=\dimen195
\pgf@xy=\dimen196
\pgf@yx=\dimen197
\pgf@yy=\dimen198
\pgf@zx=\dimen199
\pgf@zy=\dimen256
)
(/usr/local/share/texmf-dist/tex/generic/pgf/basiclayer/pgfcorepathconstruct.co
de.tex
File: pgfcorepathconstruct.code.tex 2023-01-15 v3.1.10 (3.1.10)
\pgf@path@lastx=\dimen257
\pgf@path@lasty=\dimen258
)
(/usr/local/share/texmf-dist/tex/generic/pgf/basiclayer/pgfcorepathusage.code.t
ex
File: pgfcorepathusage.code.tex 2023-01-15 v3.1.10 (3.1.10)
\pgf@shorten@end@additional=\dimen259
\pgf@shorten@start@additional=\dimen260
)
(/usr/local/share/texmf-dist/tex/generic/pgf/basiclayer/pgfcorescopes.code.tex
File: pgfcorescopes.code.tex 2023-01-15 v3.1.10 (3.1.10)
\pgfpic=\box62
\pgf@hbox=\box63
\pgf@layerbox@main=\box64
\pgf@picture@serial@count=\count293
)
(/usr/local/share/texmf-dist/tex/generic/pgf/basiclayer/pgfcoregraphicstate.cod
e.tex
File: pgfcoregraphicstate.code.tex 2023-01-15 v3.1.10 (3.1.10)
\pgflinewidth=\dimen261
)
(/usr/local/share/texmf-dist/tex/generic/pgf/basiclayer/pgfcoretransformations.
code.tex
File: pgfcoretransformations.code.tex 2023-01-15 v3.1.10 (3.1.10)
\pgf@pt@x=\dimen262
\pgf@pt@y=\dimen263
\pgf@pt@temp=\dimen264
)
(/usr/local/share/texmf-dist/tex/generic/pgf/basiclayer/pgfcorequick.code.tex
File: pgfcorequick.code.tex 2023-01-15 v3.1.10 (3.1.10)
)
(/usr/local/share/texmf-dist/tex/generic/pgf/basiclayer/pgfcoreobjects.code.tex
File: pgfcoreobjects.code.tex 2023-01-15 v3.1.10 (3.1.10)
)
(/usr/local/share/texmf-dist/tex/generic/pgf/basiclayer/pgfcorepathprocessing.c
ode.tex
File: pgfcorepathprocessing.code.tex 2023-01-15 v3.1.10 (3.1.10)
)
(/usr/local/share/texmf-dist/tex/generic/pgf/basiclayer/pgfcorearrows.code.tex
File: pgfcorearrows.code.tex 2023-01-15 v3.1.10 (3.1.10)
\pgfarrowsep=\dimen265
) (/usr/local/share/texmf-dist/tex/generic/pgf/basiclayer/pgfcoreshade.code.tex
File: pgfcoreshade.code.tex 2023-01-15 v3.1.10 (3.1.10)
\pgf@max=\dimen266
\pgf@sys@shading@range@num=\count294
\pgf@shadingcount=\count295
) (/usr/local/share/texmf-dist/tex/generic/pgf/basiclayer/pgfcoreimage.code.tex
File: pgfcoreimage.code.tex 2023-01-15 v3.1.10 (3.1.10)
)
(/usr/local/share/texmf-dist/tex/generic/pgf/basiclayer/pgfcoreexternal.code.te
x
File: pgfcoreexternal.code.tex 2023-01-15 v3.1.10 (3.1.10)
\pgfexternal@startupbox=\box65
)
(/usr/local/share/texmf-dist/tex/generic/pgf/basiclayer/pgfcorelayers.code.tex
File: pgfcorelayers.code.tex 2023-01-15 v3.1.10 (3.1.10)
)
(/usr/local/share/texmf-dist/tex/generic/pgf/basiclayer/pgfcoretransparency.cod
e.tex
File: pgfcoretransparency.code.tex 2023-01-15 v3.1.10 (3.1.10)
)
(/usr/local/share/texmf-dist/tex/generic/pgf/basiclayer/pgfcorepatterns.code.te
x
File: pgfcorepatterns.code.tex 2023-01-15 v3.1.10 (3.1.10)
) (/usr/local/share/texmf-dist/tex/generic/pgf/basiclayer/pgfcorerdf.code.tex
File: pgfcorerdf.code.tex 2023-01-15 v3.1.10 (3.1.10)
))) (/usr/local/share/texmf-dist/tex/latex/pgf/utilities/xxcolor.sty
Package: xxcolor 2003/10/24 ver 0.1
\XC@nummixins=\count296
\XC@countmixins=\count297
)
(/usr/local/share/texmf-dist/tex/latex-dev/base/atbegshi-ltx.sty
Package: atbegshi-ltx 2021/01/10 v1.0c Emulation of the original atbegshi
package with kernel methods
)
(/usr/local/share/texmf-dist/tex/latex/hyperref/hyperref.sty
Package: hyperref 2023-02-07 v7.00v Hypertext links for LaTeX

(/usr/local/share/texmf-dist/tex/generic/ltxcmds/ltxcmds.sty
Package: ltxcmds 2020-05-10 v1.25 LaTeX kernel commands for general use (HO)
)
(/usr/local/share/texmf-dist/tex/generic/pdftexcmds/pdftexcmds.sty
Package: pdftexcmds 2020-06-27 v0.33 Utility functions of pdfTeX for LuaTeX (HO
)

(/usr/local/share/texmf-dist/tex/generic/infwarerr/infwarerr.sty
Package: infwarerr 2019/12/03 v1.5 Providing info/warning/error messages (HO)
)
Package pdftexcmds Info: \pdf@primitive is available.
Package pdftexcmds Info: \pdf@ifprimitive is available.
Package pdftexcmds Info: \pdfdraftmode found.
)
(/usr/local/share/texmf-dist/tex/latex/kvsetkeys/kvsetkeys.sty
Package: kvsetkeys 2022-10-05 v1.19 Key value parser (HO)
)
(/usr/local/share/texmf-dist/tex/generic/kvdefinekeys/kvdefinekeys.sty
Package: kvdefinekeys 2019-12-19 v1.6 Define keys (HO)
)
(/usr/local/share/texmf-dist/tex/generic/pdfescape/pdfescape.sty
Package: pdfescape 2019/12/09 v1.15 Implements pdfTeX's escape features (HO)
)
(/usr/local/share/texmf-dist/tex/latex/hycolor/hycolor.sty
Package: hycolor 2020-01-27 v1.10 Color options for hyperref/bookmark (HO)
)
(/usr/local/share/texmf-dist/tex/latex/letltxmacro/letltxmacro.sty
Package: letltxmacro 2019/12/03 v1.6 Let assignment for LaTeX macros (HO)
)
(/usr/local/share/texmf-dist/tex/latex/auxhook/auxhook.sty
Package: auxhook 2019-12-17 v1.6 Hooks for auxiliary files (HO)
)
(/usr/local/share/texmf-dist/tex/latex/hyperref/nameref.sty
Package: nameref 2022-05-17 v2.50 Cross-referencing by name of section

(/usr/local/share/texmf-dist/tex/latex/refcount/refcount.sty
Package: refcount 2019/12/15 v3.6 Data extraction from label references (HO)
)
(/usr/local/share/texmf-dist/tex/generic/gettitlestring/gettitlestring.sty
Package: gettitlestring 2019/12/15 v1.6 Cleanup title references (HO)

(/usr/local/share/texmf-dist/tex/latex/kvoptions/kvoptions.sty
Package: kvoptions 2022-06-15 v3.15 Key value format for package options (HO)
))
\c@section@level=\count298
)
\@linkdim=\dimen267
\Hy@linkcounter=\count299
\Hy@pagecounter=\count300

(/usr/local/share/texmf-dist/tex/latex/hyperref/pd1enc.def
File: pd1enc.def 2023-02-07 v7.00v Hyperref: PDFDocEncoding definition (HO)
Now handling font encoding PD1 ...
... no UTF-8 mapping file for font encoding PD1
)
(/usr/local/share/texmf-dist/tex/generic/intcalc/intcalc.sty
Package: intcalc 2019/12/15 v1.3 Expandable calculations with integers (HO)
)
(/usr/local/share/texmf-dist/tex/generic/etexcmds/etexcmds.sty
Package: etexcmds 2019/12/15 v1.7 Avoid name clashes with e-TeX commands (HO)
)
\Hy@SavedSpaceFactor=\count301

(/usr/local/share/texmf-dist/tex/latex/hyperref/puenc.def
File: puenc.def 2023-02-07 v7.00v Hyperref: PDF Unicode definition (HO)
Now handling font encoding PU ...
... no UTF-8 mapping file for font encoding PU
)
Package hyperref Info: Option `bookmarks' set `true' on input line 4060.
Package hyperref Info: Option `bookmarksopen' set `true' on input line 4060.
Package hyperref Info: Option `implicit' set `false' on input line 4060.
Package hyperref Info: Hyper figures OFF on input line 4177.
Package hyperref Info: Link nesting OFF on input line 4182.
Package hyperref Info: Hyper index ON on input line 4185.
Package hyperref Info: Plain pages OFF on input line 4192.
Package hyperref Info: Backreferencing OFF on input line 4197.
Package hyperref Info: Implicit mode OFF; no redefinition of LaTeX internals.
Package hyperref Info: Bookmarks ON on input line 4425.
\c@Hy@tempcnt=\count302

(/usr/local/share/texmf-dist/tex/latex/url/url.sty
\Urlmuskip=\muskip16
Package: url 2013/09/16  ver 3.4  Verb mode for urls, etc.
)
LaTeX Info: Redefining \url on input line 4763.
\XeTeXLinkMargin=\dimen268

(/usr/local/share/texmf-dist/tex/generic/bitset/bitset.sty
Package: bitset 2019/12/09 v1.3 Handle bit-vector datatype (HO)

(/usr/local/share/texmf-dist/tex/generic/bigintcalc/bigintcalc.sty
Package: bigintcalc 2019/12/15 v1.5 Expandable calculations on big integers (HO
)
))
\Fld@menulength=\count303
\Field@Width=\dimen269
\Fld@charsize=\dimen270
Package hyperref Info: Hyper figures OFF on input line 6042.
Package hyperref Info: Link nesting OFF on input line 6047.
Package hyperref Info: Hyper index ON on input line 6050.
Package hyperref Info: backreferencing OFF on input line 6057.
Package hyperref Info: Link coloring OFF on input line 6062.
Package hyperref Info: Link coloring with OCG OFF on input line 6067.
Package hyperref Info: PDF/A mode OFF on input line 6072.
\Hy@abspage=\count304


Package hyperref Message: Stopped early.

)
Package hyperref Info: Driver (autodetected): hpdftex.
 (/usr/local/share/texmf-dist/tex/latex/hyperref/hpdftex.def
File: hpdftex.def 2023-02-07 v7.00v Hyperref driver for pdfTeX

(/usr/local/share/texmf-dist/tex/latex-dev/base/atveryend-ltx.sty
Package: atveryend-ltx 2020/08/19 v1.0a Emulation of the original atveryend pac
kage
with kernel methods
)
\Fld@listcount=\count305
\c@bookmark@seq@number=\count306

(/usr/local/share/texmf-dist/tex/latex/rerunfilecheck/rerunfilecheck.sty
Package: rerunfilecheck 2022-07-10 v1.10 Rerun checks for auxiliary files (HO)

(/usr/local/share/texmf-dist/tex/generic/uniquecounter/uniquecounter.sty
Package: uniquecounter 2019/12/15 v1.4 Provide unlimited unique counter (HO)
)
Package uniquecounter Info: New unique counter `rerunfilecheck' on input line 2
85.
))
(/usr/local/share/texmf-dist/tex/latex/beamer/beamerbaserequires.sty
(/usr/local/share/texmf-dist/tex/latex/beamer/beamerbasecompatibility.sty)
(/usr/local/share/texmf-dist/tex/latex/beamer/beamerbasefont.sty
(/usr/local/share/texmf-dist/tex/latex/amsfonts/amssymb.sty
Package: amssymb 2013/01/14 v3.01 AMS font symbols

(/usr/local/share/texmf-dist/tex/latex/amsfonts/amsfonts.sty
Package: amsfonts 2013/01/14 v3.01 Basic AMSFonts support
\@emptytoks=\toks29
\symAMSa=\mathgroup4
\symAMSb=\mathgroup5
LaTeX Font Info:    Redeclaring math symbol \hbar on input line 98.
LaTeX Font Info:    Overwriting math alphabet `\mathfrak' in version `bold'
(Font)                  U/euf/m/n --> U/euf/b/n on input line 106.
))
(/usr/local/share/texmf-dist/tex/latex/sansmathaccent/sansmathaccent.sty
Package: sansmathaccent 2020/01/31

(/usr/local/share/texmf-dist/tex/latex/koma-script/scrlfile.sty
Package: scrlfile 2022/10/12 v3.38 KOMA-Script package (file load hooks)

(/usr/local/share/texmf-dist/tex/latex/koma-script/scrlfile-hook.sty
Package: scrlfile-hook 2022/10/12 v3.38 KOMA-Script package (using LaTeX hooks)


(/usr/local/share/texmf-dist/tex/latex/koma-script/scrlogo.sty
Package: scrlogo 2022/10/12 v3.38 KOMA-Script package (logo)
)))))
(/usr/local/share/texmf-dist/tex/latex/beamer/beamerbasetranslator.sty
(/usr/local/share/texmf-dist/tex/latex/translator/translator.sty
Package: translator 2021-05-31 v1.12d Easy translation of strings in LaTeX
))
(/usr/local/share/texmf-dist/tex/latex/beamer/beamerbasemisc.sty)
(/usr/local/share/texmf-dist/tex/latex/beamer/beamerbasetwoscreens.sty)
(/usr/local/share/texmf-dist/tex/latex/beamer/beamerbaseoverlay.sty
\beamer@argscount=\count307
\beamer@lastskipcover=\skip51
\beamer@trivlistdepth=\count308
)
(/usr/local/share/texmf-dist/tex/latex/beamer/beamerbasetitle.sty)
(/usr/local/share/texmf-dist/tex/latex/beamer/beamerbasesection.sty
\c@lecture=\count309
\c@part=\count310
\c@section=\count311
\c@subsection=\count312
\c@subsubsection=\count313
)
(/usr/local/share/texmf-dist/tex/latex/beamer/beamerbaseframe.sty
\beamer@framebox=\box66
\beamer@frametitlebox=\box67
\beamer@zoombox=\box68
\beamer@zoomcount=\count314
\beamer@zoomframecount=\count315
\beamer@frametextheight=\dimen271
\c@subsectionslide=\count316
\beamer@frametopskip=\skip52
\beamer@framebottomskip=\skip53
\beamer@frametopskipautobreak=\skip54
\beamer@framebottomskipautobreak=\skip55
\beamer@envbody=\toks30
\framewidth=\dimen272
\c@framenumber=\count317
)
(/usr/local/share/texmf-dist/tex/latex/beamer/beamerbaseverbatim.sty
\beamer@verbatimfileout=\write4
)
(/usr/local/share/texmf-dist/tex/latex/beamer/beamerbaseframesize.sty
\beamer@splitbox=\box69
\beamer@autobreakcount=\count318
\beamer@autobreaklastheight=\dimen273
\beamer@frametitletoks=\toks31
\beamer@framesubtitletoks=\toks32
)
(/usr/local/share/texmf-dist/tex/latex/beamer/beamerbaseframecomponents.sty
\beamer@footins=\box70
)
(/usr/local/share/texmf-dist/tex/latex/beamer/beamerbasecolor.sty)
(/usr/local/share/texmf-dist/tex/latex/beamer/beamerbasenotes.sty
\beamer@frameboxcopy=\box71
)
(/usr/local/share/texmf-dist/tex/latex/beamer/beamerbasetoc.sty)
(/usr/local/share/texmf-dist/tex/latex/beamer/beamerbasetemplates.sty
\beamer@sbttoks=\toks33

(/usr/local/share/texmf-dist/tex/latex/beamer/beamerbaseauxtemplates.sty
(/usr/local/share/texmf-dist/tex/latex/beamer/beamerbaseboxes.sty
\bmb@box=\box72
\bmb@colorbox=\box73
\bmb@boxwidth=\dimen274
\bmb@boxheight=\dimen275
\bmb@prevheight=\dimen276
\bmb@temp=\dimen277
\bmb@dima=\dimen278
\bmb@dimb=\dimen279
\bmb@prevheight=\dimen280
)
\beamer@blockheadheight=\dimen281
))
(/usr/local/share/texmf-dist/tex/latex/beamer/beamerbaselocalstructure.sty
(/usr/local/share/texmf-dist/tex/latex/tools/enumerate.sty
Package: enumerate 2015/07/23 v3.00 enumerate extensions (DPC)
\@enLab=\toks34
)
\beamer@bibiconwidth=\skip56
\c@figure=\count319
\c@table=\count320
\abovecaptionskip=\skip57
\belowcaptionskip=\skip58
)
(/usr/local/share/texmf-dist/tex/latex/beamer/beamerbasenavigation.sty
(/usr/local/share/texmf-dist/tex/latex/beamer/beamerbasenavigationsymbols.tex)
\beamer@section@min@dim=\dimen282
) (/usr/local/share/texmf-dist/tex/latex/beamer/beamerbasetheorems.sty
(/usr/local/share/texmf-dist/tex/latex/amsmath/amsmath.sty
Package: amsmath 2022/04/08 v2.17n AMS math features
\@mathmargin=\skip59

For additional information on amsmath, use the `?' option.
(/usr/local/share/texmf-dist/tex/latex/amsmath/amstext.sty
Package: amstext 2021/08/26 v2.01 AMS text

(/usr/local/share/texmf-dist/tex/latex/amsmath/amsgen.sty
File: amsgen.sty 1999/11/30 v2.0 generic functions
\@emptytoks=\toks35
\ex@=\dimen283
))
(/usr/local/share/texmf-dist/tex/latex/amsmath/amsbsy.sty
Package: amsbsy 1999/11/29 v1.2d Bold Symbols
\pmbraise@=\dimen284
)
(/usr/local/share/texmf-dist/tex/latex/amsmath/amsopn.sty
Package: amsopn 2022/04/08 v2.04 operator names
)
\inf@bad=\count321
LaTeX Info: Redefining \frac on input line 234.
\uproot@=\count322
\leftroot@=\count323
LaTeX Info: Redefining \overline on input line 399.
LaTeX Info: Redefining \colon on input line 410.
\classnum@=\count324
\DOTSCASE@=\count325
LaTeX Info: Redefining \ldots on input line 496.
LaTeX Info: Redefining \dots on input line 499.
LaTeX Info: Redefining \cdots on input line 620.
\Mathstrutbox@=\box74
\strutbox@=\box75
LaTeX Info: Redefining \big on input line 722.
LaTeX Info: Redefining \Big on input line 723.
LaTeX Info: Redefining \bigg on input line 724.
LaTeX Info: Redefining \Bigg on input line 725.
\big@size=\dimen285
LaTeX Font Info:    Redeclaring font encoding OML on input line 743.
LaTeX Font Info:    Redeclaring font encoding OMS on input line 744.
\macc@depth=\count326
LaTeX Info: Redefining \bmod on input line 905.
LaTeX Info: Redefining \pmod on input line 910.
LaTeX Info: Redefining \smash on input line 940.
LaTeX Info: Redefining \relbar on input line 970.
LaTeX Info: Redefining \Relbar on input line 971.
\c@MaxMatrixCols=\count327
\dotsspace@=\muskip17
\c@parentequation=\count328
\dspbrk@lvl=\count329
\tag@help=\toks36
\row@=\count330
\column@=\count331
\maxfields@=\count332
\andhelp@=\toks37
\eqnshift@=\dimen286
\alignsep@=\dimen287
\tagshift@=\dimen288
\tagwidth@=\dimen289
\totwidth@=\dimen290
\lineht@=\dimen291
\@envbody=\toks38
\multlinegap=\skip60
\multlinetaggap=\skip61
\mathdisplay@stack=\toks39
LaTeX Info: Redefining \[ on input line 2953.
LaTeX Info: Redefining \] on input line 2954.
)
(/usr/local/share/texmf-dist/tex/latex/amscls/amsthm.sty
Package: amsthm 2020/05/29 v2.20.6
\thm@style=\toks40
\thm@bodyfont=\toks41
\thm@headfont=\toks42
\thm@notefont=\toks43
\thm@headpunct=\toks44
\thm@preskip=\skip62
\thm@postskip=\skip63
\thm@headsep=\skip64
\dth@everypar=\toks45
)
\c@theorem=\count333
)
(/usr/local/share/texmf-dist/tex/latex/beamer/beamerbasethemes.sty))
(/usr/local/share/texmf-dist/tex/latex/beamer/beamerthemedefault.sty
(/usr/local/share/texmf-dist/tex/latex/beamer/beamerfontthemedefault.sty)
(/usr/local/share/texmf-dist/tex/latex/beamer/beamercolorthemedefault.sty)
(/usr/local/share/texmf-dist/tex/latex/beamer/beamerinnerthemedefault.sty
\beamer@dima=\dimen292
\beamer@dimb=\dimen293
)
(/usr/local/share/texmf-dist/tex/latex/beamer/beamerouterthemedefault.sty)))
(/usr/local/share/texmf-dist/tex/latex/beamer/beamerthemeHannover.sty
(/usr/local/share/texmf-dist/tex/latex/beamer/beamerouterthemesidebar.sty
\beamer@sidebarwidth=\dimen294
\beamer@headheight=\dimen295
)
(/usr/local/share/texmf-dist/tex/latex/beamer/beamercolorthemeseahorse.sty)
(/usr/local/share/texmf-dist/tex/latex/beamer/beamerinnerthemecircles.sty))
(./packages.tex (/usr/local/share/texmf-dist/tex/latex-dev/base/fontenc.sty
Package: fontenc 2021/04/29 v2.0v Standard LaTeX package
)
(/usr/local/share/texmf-dist/tex/latex/chronology/chronology.sty
Package: chronology 2015/03/27 v1.1.1 Horizontal timeline

(/usr/local/share/texmf-dist/tex/latex/tools/calc.sty
Package: calc 2017/05/25 v4.3 Infix arithmetic (KKT,FJ)
\calc@Acount=\count334
\calc@Bcount=\count335
\calc@Adimen=\dimen296
\calc@Bdimen=\dimen297
\calc@Askip=\skip65
\calc@Bskip=\skip66
LaTeX Info: Redefining \setlength on input line 80.
LaTeX Info: Redefining \addtolength on input line 81.
\calc@Ccount=\count336
\calc@Cskip=\skip67
)
(/usr/local/share/texmf-dist/tex/latex/pgf/frontendlayer/tikz.sty
(/usr/local/share/texmf-dist/tex/latex/pgf/basiclayer/pgf.sty
Package: pgf 2023-01-15 v3.1.10 (3.1.10)

(/usr/local/share/texmf-dist/tex/generic/pgf/modules/pgfmoduleshapes.code.tex
File: pgfmoduleshapes.code.tex 2023-01-15 v3.1.10 (3.1.10)
\pgfnodeparttextbox=\box76
)
(/usr/local/share/texmf-dist/tex/generic/pgf/modules/pgfmoduleplot.code.tex
File: pgfmoduleplot.code.tex 2023-01-15 v3.1.10 (3.1.10)
)
(/usr/local/share/texmf-dist/tex/latex/pgf/compatibility/pgfcomp-version-0-65.s
ty
Package: pgfcomp-version-0-65 2023-01-15 v3.1.10 (3.1.10)
\pgf@nodesepstart=\dimen298
\pgf@nodesepend=\dimen299
)
(/usr/local/share/texmf-dist/tex/latex/pgf/compatibility/pgfcomp-version-1-18.s
ty
Package: pgfcomp-version-1-18 2023-01-15 v3.1.10 (3.1.10)
)) (/usr/local/share/texmf-dist/tex/latex/pgf/utilities/pgffor.sty
(/usr/local/share/texmf-dist/tex/generic/pgf/utilities/pgffor.code.tex
Package: pgffor 2023-01-15 v3.1.10 (3.1.10)
\pgffor@iter=\dimen300
\pgffor@skip=\dimen301
\pgffor@stack=\toks46
\pgffor@toks=\toks47
))
(/usr/local/share/texmf-dist/tex/generic/pgf/frontendlayer/tikz/tikz.code.tex
Package: tikz 2023-01-15 v3.1.10 (3.1.10)

(/usr/local/share/texmf-dist/tex/generic/pgf/libraries/pgflibraryplothandlers.c
ode.tex
File: pgflibraryplothandlers.code.tex 2023-01-15 v3.1.10 (3.1.10)
\pgf@plot@mark@count=\count337
\pgfplotmarksize=\dimen302
)
\tikz@lastx=\dimen303
\tikz@lasty=\dimen304
\tikz@lastxsaved=\dimen305
\tikz@lastysaved=\dimen306
\tikz@lastmovetox=\dimen307
\tikz@lastmovetoy=\dimen308
\tikzleveldistance=\dimen309
\tikzsiblingdistance=\dimen310
\tikz@figbox=\box77
\tikz@figbox@bg=\box78
\tikz@tempbox=\box79
\tikz@tempbox@bg=\box80
\tikztreelevel=\count338
\tikznumberofchildren=\count339
\tikznumberofcurrentchild=\count340
\tikz@fig@count=\count341

(/usr/local/share/texmf-dist/tex/generic/pgf/modules/pgfmodulematrix.code.tex
File: pgfmodulematrix.code.tex 2023-01-15 v3.1.10 (3.1.10)
\pgfmatrixcurrentrow=\count342
\pgfmatrixcurrentcolumn=\count343
\pgf@matrix@numberofcolumns=\count344
)
\tikz@expandcount=\count345

(/usr/local/share/texmf-dist/tex/generic/pgf/frontendlayer/tikz/libraries/tikzl
ibrarytopaths.code.tex
File: tikzlibrarytopaths.code.tex 2023-01-15 v3.1.10 (3.1.10)
)))
(/usr/local/share/texmf-dist/tex/latex/l3packages/xparse/xparse.sty
(/usr/local/share/texmf-dist/tex/latex/l3kernel/expl3.sty
Package: expl3 2023-02-22 L3 programming layer (loader) 

(/usr/local/share/texmf-dist/tex/latex/l3backend/l3backend-pdftex.def
File: l3backend-pdftex.def 2023-01-16 L3 backend support: PDF output (pdfTeX)
\l__color_backend_stack_int=\count346
\l__pdf_internal_box=\box81
))
Package: xparse 2023-02-02 L3 Experimental document command parser
)
\c@step=\count347
\c@stepstart=\count348
\c@stepstop=\count349
\c@yearstart=\count350
\c@yearstop=\count351
\c@deltayears=\count352
\xstart=\skip68
\xstop=\skip69
\unit=\skip70
\timelinewidth=\skip71
\timelinebox=\box82
)
(/usr/local/share/texmf-dist/tex/latex/adjustbox/adjustbox.sty
Package: adjustbox 2022/10/17 v1.3a Adjusting TeX boxes (trim, clip, ...)

(/usr/local/share/texmf-dist/tex/latex/xkeyval/xkeyval.sty
Package: xkeyval 2022/06/16 v2.9 package option processing (HA)

(/usr/local/share/texmf-dist/tex/generic/xkeyval/xkeyval.tex
(/usr/local/share/texmf-dist/tex/generic/xkeyval/xkvutils.tex
\XKV@toks=\toks48
\XKV@tempa@toks=\toks49
)
\XKV@depth=\count353
File: xkeyval.tex 2014/12/03 v2.7a key=value parser (HA)
))
(/usr/local/share/texmf-dist/tex/latex/adjustbox/adjcalc.sty
Package: adjcalc 2012/05/16 v1.1 Provides advanced setlength with multiple back
-ends (calc, etex, pgfmath)
)
(/usr/local/share/texmf-dist/tex/latex/adjustbox/trimclip.sty
Package: trimclip 2020/08/19 v1.2 Trim and clip general TeX material

(/usr/local/share/texmf-dist/tex/latex/collectbox/collectbox.sty
Package: collectbox 2022/10/17 v0.4c Collect macro arguments as boxes
\collectedbox=\box83
)
\tc@llx=\dimen311
\tc@lly=\dimen312
\tc@urx=\dimen313
\tc@ury=\dimen314
Package trimclip Info: Using driver 'tc-pdftex.def'.

(/usr/local/share/texmf-dist/tex/latex/adjustbox/tc-pdftex.def
File: tc-pdftex.def 2019/01/04 v2.2 Clipping driver for pdftex
))
\adjbox@Width=\dimen315
\adjbox@Height=\dimen316
\adjbox@Depth=\dimen317
\adjbox@Totalheight=\dimen318
\adjbox@pwidth=\dimen319
\adjbox@pheight=\dimen320
\adjbox@pdepth=\dimen321
\adjbox@ptotalheight=\dimen322

(/usr/local/share/texmf-dist/tex/latex/ifoddpage/ifoddpage.sty
Package: ifoddpage 2022/10/18 v1.2 Conditionals for odd/even page detection
\c@checkoddpage=\count354
)
(/usr/local/share/texmf-dist/tex/latex/varwidth/varwidth.sty
Package: varwidth 2009/03/30 ver 0.92;  Variable-width minipages
\@vwid@box=\box84
\sift@deathcycles=\count355
\@vwid@loff=\dimen323
\@vwid@roff=\dimen324
))
(/usr/local/share/texmf-dist/tex/generic/pgf/frontendlayer/tikz/libraries/tikzl
ibrarycalc.code.tex
File: tikzlibrarycalc.code.tex 2023-01-15 v3.1.10 (3.1.10)
)
(/usr/local/share/texmf-dist/tex/generic/pgf/frontendlayer/tikz/libraries/tikzl
ibrarypositioning.code.tex
File: tikzlibrarypositioning.code.tex 2023-01-15 v3.1.10 (3.1.10)
)
(/usr/local/share/texmf-dist/tex/generic/pgf/frontendlayer/tikz/libraries/tikzl
ibraryfit.code.tex
File: tikzlibraryfit.code.tex 2023-01-15 v3.1.10 (3.1.10)
)
(/usr/local/share/texmf-dist/tex/generic/pgf/frontendlayer/tikz/libraries/tikzl
ibraryarrows.code.tex
File: tikzlibraryarrows.code.tex 2023-01-15 v3.1.10 (3.1.10)

(/usr/local/share/texmf-dist/tex/generic/pgf/libraries/pgflibraryarrows.code.te
x
File: pgflibraryarrows.code.tex 2023-01-15 v3.1.10 (3.1.10)
\arrowsize=\dimen325
)) (/usr/local/share/texmf-dist/tex/latex/svg/svg.sty
Package: svg 2020/11/26 v2.02k (include SVG pictures)

(/usr/local/share/texmf-dist/tex/latex/koma-script/scrbase.sty
Package: scrbase 2022/10/12 v3.38 KOMA-Script package (KOMA-Script-independent 
basics and keyval usage)
Applying: [2021/05/01] Usage of raw or classic option list on input line 252.
Already applied: [0000/00/00] Usage of raw or classic option list on input line
 368.
)
(/usr/local/share/texmf-dist/tex/latex/trimspaces/trimspaces.sty
Package: trimspaces 2009/09/17 v1.1 Trim spaces around a token list
)
(/usr/local/share/texmf-dist/tex/latex/tools/shellesc.sty
Package: shellesc 2019/11/08 v1.0c unified shell escape interface for LaTeX
Package shellesc Info: Unrestricted shell escape enabled on input line 75.
)
(/usr/local/share/texmf-dist/tex/latex/ifplatform/ifplatform.sty
Package: ifplatform 2017/10/13 v0.4a Testing for the operating system

(/usr/local/share/texmf-dist/tex/generic/catchfile/catchfile.sty
Package: catchfile 2019/12/09 v1.8 Catch the contents of a file (HO)
)
(/usr/local/share/texmf-dist/tex/generic/iftex/ifluatex.sty
Package: ifluatex 2019/10/25 v1.5 ifluatex legacy package. Use iftex instead.
)
runsystem(uname -s > "main.w18")...executed.

 (./main.w18)
runsystem(rm -- "main.w18")...executed.

)
\c@svg@param@lastpage=\count356
\svg@box=\box85
\c@svg@param@currpage=\count357
)
(/usr/local/share/texmf-dist/tex/latex/transparent/transparent.sty
Package: transparent 2022-10-27 v1.5 Transparency with color stacks

(/usr/local/share/texmf-dist/tex/latex/transparent/transparent-nometadata.sty
Package: transparent-nometadata 2022-10-27 v1.5 Transparency via pdfTeX's color
 stack (HO)
)) (/usr/local/share/texmf-dist/tex/latex/forloop/forloop.sty
Package: forloop 2006/09/18 v3.0 For Loops for LaTeX

(/usr/local/share/texmf-dist/tex/latex-dev/base/ifthen.sty
Package: ifthen 2022/04/13 v1.1d Standard LaTeX ifthen package (DPC)
))
(/usr/local/share/texmf-dist/tex/latex/caption/subcaption.sty
Package: subcaption 2023/02/19 v1.6 Sub-captions (AR)

(/usr/local/share/texmf-dist/tex/latex/caption/caption.sty
Package: caption 2023/03/12 v3.6j Customizing captions (AR)

(/usr/local/share/texmf-dist/tex/latex/caption/caption3.sty
Package: caption3 2023/03/12 v2.4 caption3 kernel (AR)
\caption@tempdima=\dimen326
\captionmargin=\dimen327
\caption@leftmargin=\dimen328
\caption@rightmargin=\dimen329
\caption@width=\dimen330
\caption@indent=\dimen331
\caption@parindent=\dimen332
\caption@hangindent=\dimen333
Package caption Info: beamer document class detected.

(/usr/local/share/texmf-dist/tex/latex/caption/caption-beamer.sto
File: caption-beamer.sto 2022/01/06 v2.0c Adaption of the caption package to th
e beamer document classes (AR)
))
\c@caption@flags=\count358
\c@continuedfloat=\count359
Package caption Info: hyperref package is loaded.
Package caption Info: Hyperref support is turned off
(caption)             because hyperref has stopped early.
)
Package caption Info: New subtype `subfigure' on input line 239.
\c@subfigure=\count360
Package caption Info: New subtype `subtable' on input line 239.
\c@subtable=\count361
)
(/usr/local/share/texmf-dist/tex/latex/pgfplots/pgfplots.sty
(/usr/local/share/texmf-dist/tex/generic/pgfplots/pgfplots.revision.tex)
Package: pgfplots 2021/05/15 v1.18.1 Data Visualization (1.18.1)

(/usr/local/share/texmf-dist/tex/generic/pgfplots/pgfplots.code.tex
(/usr/local/share/texmf-dist/tex/generic/pgfplots/pgfplotscore.code.tex
\t@pgfplots@toka=\toks50
\t@pgfplots@tokb=\toks51
\t@pgfplots@tokc=\toks52
\pgfplots@tmpa=\dimen334
\c@pgfplots@coordindex=\count362
\c@pgfplots@scanlineindex=\count363

(/usr/local/share/texmf-dist/tex/generic/pgfplots/sys/pgfplotssysgeneric.code.t
ex))
(/usr/local/share/texmf-dist/tex/generic/pgfplots/libs/pgfplotslibrary.code.tex
)
(/usr/local/share/texmf-dist/tex/generic/pgfplots/oldpgfcompatib/pgfplotsoldpgf
supp_loader.code.tex
(/usr/local/share/texmf-dist/tex/generic/pgf/libraries/pgflibraryfpu.code.tex)
Package pgfplots: loading complementary utilities for your pgf version...
\t@pgf@toka=\toks53
\t@pgf@tokb=\toks54
\t@pgf@tokc=\toks55

(/usr/local/share/texmf-dist/tex/generic/pgfplots/oldpgfcompatib/pgfplotsoldpgf
supp_pgfutil-common-lists.tex))
(/usr/local/share/texmf-dist/tex/generic/pgfplots/util/pgfplotsutil.code.tex
(/usr/local/share/texmf-dist/tex/generic/pgfplots/liststructure/pgfplotsliststr
ucture.code.tex)
(/usr/local/share/texmf-dist/tex/generic/pgfplots/liststructure/pgfplotsliststr
uctureext.code.tex)
(/usr/local/share/texmf-dist/tex/generic/pgfplots/liststructure/pgfplotsarray.c
ode.tex
\c@pgfplotsarray@tmp=\count364
)
(/usr/local/share/texmf-dist/tex/generic/pgfplots/liststructure/pgfplotsmatrix.
code.tex)
(/usr/local/share/texmf-dist/tex/generic/pgfplots/numtable/pgfplotstableshared.
code.tex
\c@pgfplotstable@counta=\count365
\t@pgfplotstable@a=\toks56
)
(/usr/local/share/texmf-dist/tex/generic/pgfplots/liststructure/pgfplotsdeque.c
ode.tex)
(/usr/local/share/texmf-dist/tex/generic/pgfplots/util/pgfplotsbinary.code.tex
(/usr/local/share/texmf-dist/tex/generic/pgfplots/util/pgfplotsbinary.data.code
.tex))
(/usr/local/share/texmf-dist/tex/generic/pgfplots/util/pgfplotsutil.verb.code.t
ex)
(/usr/local/share/texmf-dist/tex/generic/pgfplots/libs/pgflibrarypgfplots.surfs
hading.code.tex
\c@pgfplotslibrarysurf@no=\count366

(/usr/local/share/texmf-dist/tex/generic/pgfplots/sys/pgflibrarypgfplots.surfsh
ading.pgfsys-pdftex.def)))
(/usr/local/share/texmf-dist/tex/generic/pgfplots/util/pgfplotscolormap.code.te
x (/usr/local/share/texmf-dist/tex/generic/pgfplots/util/pgfplotscolor.code.tex
))
(/usr/local/share/texmf-dist/tex/generic/pgfplots/pgfplotsstackedplots.code.tex
)
(/usr/local/share/texmf-dist/tex/generic/pgfplots/pgfplotsplothandlers.code.tex

(/usr/local/share/texmf-dist/tex/generic/pgfplots/pgfplotsmeshplothandler.code.
tex
(/usr/local/share/texmf-dist/tex/generic/pgfplots/pgfplotsmeshplotimage.code.te
x)))
(/usr/local/share/texmf-dist/tex/generic/pgfplots/pgfplots.scaling.code.tex)
(/usr/local/share/texmf-dist/tex/generic/pgfplots/pgfplotscoordprocessing.code.
tex)
(/usr/local/share/texmf-dist/tex/generic/pgfplots/pgfplots.errorbars.code.tex)
(/usr/local/share/texmf-dist/tex/generic/pgfplots/pgfplots.markers.code.tex)
(/usr/local/share/texmf-dist/tex/generic/pgfplots/pgfplotsticks.code.tex)
(/usr/local/share/texmf-dist/tex/generic/pgfplots/pgfplots.paths.code.tex)
(/usr/local/share/texmf-dist/tex/generic/pgf/frontendlayer/tikz/libraries/tikzl
ibrarydecorations.code.tex
(/usr/local/share/texmf-dist/tex/generic/pgf/modules/pgfmoduledecorations.code.
tex
\pgfdecoratedcompleteddistance=\dimen335
\pgfdecoratedremainingdistance=\dimen336
\pgfdecoratedinputsegmentcompleteddistance=\dimen337
\pgfdecoratedinputsegmentremainingdistance=\dimen338
\pgf@decorate@distancetomove=\dimen339
\pgf@decorate@repeatstate=\count367
\pgfdecorationsegmentamplitude=\dimen340
\pgfdecorationsegmentlength=\dimen341
)
\tikz@lib@dec@box=\box86
)
(/usr/local/share/texmf-dist/tex/generic/pgf/frontendlayer/tikz/libraries/tikzl
ibrarydecorations.pathmorphing.code.tex
(/usr/local/share/texmf-dist/tex/generic/pgf/libraries/decorations/pgflibraryde
corations.pathmorphing.code.tex))
(/usr/local/share/texmf-dist/tex/generic/pgf/frontendlayer/tikz/libraries/tikzl
ibrarydecorations.pathreplacing.code.tex
(/usr/local/share/texmf-dist/tex/generic/pgf/libraries/decorations/pgflibraryde
corations.pathreplacing.code.tex))
(/usr/local/share/texmf-dist/tex/generic/pgfplots/libs/tikzlibrarypgfplots.cont
ourlua.code.tex)
\pgfplots@numplots=\count368
\pgfplots@xmin@reg=\dimen342
\pgfplots@xmax@reg=\dimen343
\pgfplots@ymin@reg=\dimen344
\pgfplots@ymax@reg=\dimen345
\pgfplots@zmin@reg=\dimen346
\pgfplots@zmax@reg=\dimen347
)
(/usr/local/share/texmf-dist/tex/generic/pgf/frontendlayer/tikz/libraries/tikzl
ibraryplotmarks.code.tex
File: tikzlibraryplotmarks.code.tex 2023-01-15 v3.1.10 (3.1.10)

(/usr/local/share/texmf-dist/tex/generic/pgf/libraries/pgflibraryplotmarks.code
.tex
File: pgflibraryplotmarks.code.tex 2023-01-15 v3.1.10 (3.1.10)
)))) (/usr/local/share/texmf-dist/tex/latex/circuitikz/circuitikz.sty
Package: circuitikz 2023/02/11{} The CircuiTikz circuit drawing package version
 1.6.1

(/usr/local/share/texmf-dist/tex/generic/pgf/libraries/pgflibraryarrows.meta.co
de.tex
File: pgflibraryarrows.meta.code.tex 2023-01-15 v3.1.10 (3.1.10)
\pgfarrowinset=\dimen348
\pgfarrowlength=\dimen349
\pgfarrowwidth=\dimen350
\pgfarrowlinewidth=\dimen351
)
(/usr/local/share/texmf-dist/tex/generic/pgf/frontendlayer/tikz/libraries/tikzl
ibrarybending.code.tex
File: tikzlibrarybending.code.tex 2023-01-15 v3.1.10 (3.1.10)

(/usr/local/share/texmf-dist/tex/generic/pgf/modules/pgfmodulebending.code.tex
File: pgfmodulebending.code.tex 2023-01-15 v3.1.10 (3.1.10)

(/usr/local/share/texmf-dist/tex/generic/pgf/modules/pgfmodulenonlineartransfor
mations.code.tex
File: pgfmodulenonlineartransformations.code.tex 2023-01-15 v3.1.10 (3.1.10)
\pgftransformnonlinearflatness=\dimen352
)
(/usr/local/share/texmf-dist/tex/generic/pgf/libraries/pgflibrarycurvilinear.co
de.tex
File: pgflibrarycurvilinear.code.tex 2023-01-15 v3.1.10 (3.1.10)
\pgf@curvilinear@time@a=\dimen353
\pgf@curvilinear@length@a=\dimen354
\pgf@curvilinear@length@b=\dimen355
\pgf@curvilinear@length@c=\dimen356
\pgf@curvilinear@length@d=\dimen357
)
\pgf@arrows@the@rigidity=\dimen358
))
(/usr/local/share/texmf-dist/tex/generic/pgf/frontendlayer/tikz/libraries/tikzl
ibraryfpu.code.tex)
(/usr/local/share/texmf-dist/tex/generic/circuitikz/pgfcirc.defines.tex
\pgf@circ@count@a=\count369
\pgf@circ@count@b=\count370
\pgf@circ@count@c=\count371
\pgf@circ@res@up=\dimen359
\pgf@circ@res@down=\dimen360
\pgf@circ@res@zero=\dimen361
\pgf@circ@res@left=\dimen362
\pgf@circ@res@right=\dimen363
\pgf@circ@res@other=\dimen364
\pgf@circ@res@step=\dimen365
\pgf@circ@res@temp=\dimen366
\pgf@circ@Rlen=\dimen367
\pgf@circ@scaled@Rlen=\dimen368
\pgfstartlinewidth=\dimen369
)
(/usr/local/share/texmf-dist/tex/generic/circuitikz/pgfcircutils.tex
\ctikz@scratchbox=\box87
)
(/usr/local/share/texmf-dist/tex/generic/circuitikz/pgfcircpath.tex)
(/usr/local/share/texmf-dist/tex/generic/circuitikz/pgfcircshapes.tex)
(/usr/local/share/texmf-dist/tex/generic/circuitikz/pgfcircmonopoles.tex)
(/usr/local/share/texmf-dist/tex/generic/circuitikz/pgfcircbipoles.tex)
(/usr/local/share/texmf-dist/tex/generic/circuitikz/pgfcirctripoles.tex
\pgf@circ@res@count=\count372
)
(/usr/local/share/texmf-dist/tex/generic/circuitikz/pgfcircquadpoles.tex)
(/usr/local/share/texmf-dist/tex/generic/circuitikz/pgfcircmultipoles.tex)
(/usr/local/share/texmf-dist/tex/generic/circuitikz/pgfcirclabel.tex)
(/usr/local/share/texmf-dist/tex/generic/circuitikz/pgfcircvoltage.tex
\pgfcirc@labelshift=\dimen370
)
(/usr/local/share/texmf-dist/tex/generic/circuitikz/pgfcirccurrent.tex)
(/usr/local/share/texmf-dist/tex/generic/circuitikz/pgfcircflow.tex))
(./macros.tex) (out/main.aux)
\openout1 = `main.aux'.

LaTeX Font Info:    Checking defaults for OML/cmm/m/it on input line 14.
LaTeX Font Info:    ... okay on input line 14.
LaTeX Font Info:    Checking defaults for OMS/cmsy/m/n on input line 14.
LaTeX Font Info:    ... okay on input line 14.
LaTeX Font Info:    Checking defaults for OT1/cmr/m/n on input line 14.
LaTeX Font Info:    ... okay on input line 14.
LaTeX Font Info:    Checking defaults for T1/cmr/m/n on input line 14.
LaTeX Font Info:    ... okay on input line 14.
LaTeX Font Info:    Checking defaults for TS1/cmr/m/n on input line 14.
LaTeX Font Info:    ... okay on input line 14.
LaTeX Font Info:    Checking defaults for OMX/cmex/m/n on input line 14.
LaTeX Font Info:    ... okay on input line 14.
LaTeX Font Info:    Checking defaults for U/cmr/m/n on input line 14.
LaTeX Font Info:    ... okay on input line 14.
LaTeX Font Info:    Checking defaults for PD1/pdf/m/n on input line 14.
LaTeX Font Info:    ... okay on input line 14.
LaTeX Font Info:    Checking defaults for PU/pdf/m/n on input line 14.
LaTeX Font Info:    ... okay on input line 14.

*geometry* driver: auto-detecting
*geometry* detected driver: pdftex
*geometry* verbose mode - [ preamble ] result:
* driver: pdftex
* paper: custom
* layout: <same size as paper>
* layoutoffset:(h,v)=(0.0pt,0.0pt)
* modes: includehead includefoot 
* h-part:(L,W,R)=(59.22636pt, 290.74263pt, 14.22636pt)
* v-part:(T,H,B)=(0.0pt, 273.14662pt, 0.0pt)
* \paperwidth=364.19536pt
* \paperheight=273.14662pt
* \textwidth=290.74263pt
* \textheight=244.6939pt
* \oddsidemargin=-13.04362pt
* \evensidemargin=-13.04362pt
* \topmargin=-72.26999pt
* \headheight=14.22636pt
* \headsep=0.0pt
* \topskip=11.0pt
* \footskip=14.22636pt
* \marginparwidth=4.0pt
* \marginparsep=10.0pt
* \columnsep=10.0pt
* \skip\footins=10.0pt plus 4.0pt minus 2.0pt
* \hoffset=0.0pt
* \voffset=0.0pt
* \mag=1000
* \@twocolumnfalse
* \@twosidefalse
* \@mparswitchfalse
* \@reversemarginfalse
* (1in=72.27pt=25.4mm, 1cm=28.453pt)

(/usr/local/share/texmf-dist/tex/context/base/mkii/supp-pdf.mkii
[Loading MPS to PDF converter (version 2006.09.02).]
\scratchcounter=\count373
\scratchdimen=\dimen371
\scratchbox=\box88
\nofMPsegments=\count374
\nofMParguments=\count375
\everyMPshowfont=\toks57
\MPscratchCnt=\count376
\MPscratchDim=\dimen372
\MPnumerator=\count377
\makeMPintoPDFobject=\count378
\everyMPtoPDFconversion=\toks58
) (/usr/local/share/texmf-dist/tex/latex/epstopdf-pkg/epstopdf-base.sty
Package: epstopdf-base 2020-01-24 v2.11 Base part for package epstopdf
Package epstopdf-base Info: Redefining graphics rule for `.eps' on input line 4
85.

(/usr/local/share/texmf-dist/tex/latex/latexconfig/epstopdf-sys.cfg
File: epstopdf-sys.cfg 2010/07/13 v1.3 Configuration of (r)epstopdf for TeX Liv
e
))
Package hyperref Info: Link coloring OFF on input line 14.

(out/main.out) (out/main.out)
\@outlinefile=\write5
\openout5 = `main.out'.

LaTeX Font Info:    Overwriting symbol font `operators' in version `normal'
(Font)                  OT1/cmr/m/n --> OT1/cmss/m/n on input line 14.
LaTeX Font Info:    Overwriting symbol font `operators' in version `bold'
(Font)                  OT1/cmr/bx/n --> OT1/cmss/b/n on input line 14.
\symnumbers=\mathgroup6
\sympureletters=\mathgroup7
LaTeX Font Info:    Overwriting math alphabet `\mathrm' in version `normal'
(Font)                  OT1/cmss/m/n --> T1/cmr/m/n on input line 14.
LaTeX Font Info:    Redeclaring math alphabet \mathbf on input line 14.
LaTeX Font Info:    Overwriting math alphabet `\mathbf' in version `normal'
(Font)                  OT1/cmr/bx/n --> T1/cmss/b/n on input line 14.
LaTeX Font Info:    Overwriting math alphabet `\mathbf' in version `bold'
(Font)                  OT1/cmr/bx/n --> T1/cmss/b/n on input line 14.
LaTeX Font Info:    Redeclaring math alphabet \mathsf on input line 14.
LaTeX Font Info:    Overwriting math alphabet `\mathsf' in version `normal'
(Font)                  OT1/cmss/m/n --> T1/cmss/m/n on input line 14.
LaTeX Font Info:    Overwriting math alphabet `\mathsf' in version `bold'
(Font)                  OT1/cmss/bx/n --> T1/cmss/m/n on input line 14.
LaTeX Font Info:    Redeclaring math alphabet \mathit on input line 14.
LaTeX Font Info:    Overwriting math alphabet `\mathit' in version `normal'
(Font)                  OT1/cmr/m/it --> T1/cmss/m/it on input line 14.
LaTeX Font Info:    Overwriting math alphabet `\mathit' in version `bold'
(Font)                  OT1/cmr/bx/it --> T1/cmss/m/it on input line 14.
LaTeX Font Info:    Redeclaring math alphabet \mathtt on input line 14.
LaTeX Font Info:    Overwriting math alphabet `\mathtt' in version `normal'
(Font)                  OT1/cmtt/m/n --> T1/cmtt/m/n on input line 14.
LaTeX Font Info:    Overwriting math alphabet `\mathtt' in version `bold'
(Font)                  OT1/cmtt/m/n --> T1/cmtt/m/n on input line 14.
LaTeX Font Info:    Overwriting symbol font `numbers' in version `bold'
(Font)                  T1/cmss/m/n --> T1/cmss/b/n on input line 14.
LaTeX Font Info:    Overwriting symbol font `pureletters' in version `bold'
(Font)                  T1/cmss/m/it --> T1/cmss/b/it on input line 14.
LaTeX Font Info:    Overwriting math alphabet `\mathrm' in version `bold'
(Font)                  OT1/cmss/b/n --> T1/cmr/b/n on input line 14.
LaTeX Font Info:    Overwriting math alphabet `\mathbf' in version `bold'
(Font)                  T1/cmss/b/n --> T1/cmss/b/n on input line 14.
LaTeX Font Info:    Overwriting math alphabet `\mathsf' in version `bold'
(Font)                  T1/cmss/m/n --> T1/cmss/b/n on input line 14.
LaTeX Font Info:    Overwriting math alphabet `\mathit' in version `bold'
(Font)                  T1/cmss/m/it --> T1/cmss/b/it on input line 14.
LaTeX Font Info:    Overwriting math alphabet `\mathtt' in version `bold'
(Font)                  T1/cmtt/m/n --> T1/cmtt/b/n on input line 14.
LaTeX Font Info:    Redeclaring symbol font `pureletters' on input line 14.
LaTeX Font Info:    Encoding `T1' has changed to `OT1' for symbol font
(Font)              `pureletters' in the math version `normal' on input line 14
.
LaTeX Font Info:    Overwriting symbol font `pureletters' in version `normal'
(Font)                  T1/cmss/m/it --> OT1/mathkerncmss/m/sl on input line 14
.
LaTeX Font Info:    Encoding `T1' has changed to `OT1' for symbol font
(Font)              `pureletters' in the math version `bold' on input line 14.
LaTeX Font Info:    Overwriting symbol font `pureletters' in version `bold'
(Font)                  T1/cmss/b/it --> OT1/mathkerncmss/m/sl on input line 14
.
LaTeX Font Info:    Overwriting symbol font `pureletters' in version `bold'
(Font)                  OT1/mathkerncmss/m/sl --> OT1/mathkerncmss/bx/sl on inp
ut line 14.

(/usr/local/share/texmf-dist/tex/latex/translator/translator-basic-dictionary-E
nglish.dict
Dictionary: translator-basic-dictionary, Language: English 
)
(/usr/local/share/texmf-dist/tex/latex/translator/translator-bibliography-dicti
onary-English.dict
Dictionary: translator-bibliography-dictionary, Language: English 
)
(/usr/local/share/texmf-dist/tex/latex/translator/translator-environment-dictio
nary-English.dict
Dictionary: translator-environment-dictionary, Language: English 
)
(/usr/local/share/texmf-dist/tex/latex/translator/translator-months-dictionary-
English.dict
Dictionary: translator-months-dictionary, Language: English 
)
(/usr/local/share/texmf-dist/tex/latex/translator/translator-numbers-dictionary
-English.dict
Dictionary: translator-numbers-dictionary, Language: English 
)
(/usr/local/share/texmf-dist/tex/latex/translator/translator-theorem-dictionary
-English.dict
Dictionary: translator-theorem-dictionary, Language: English 
)
Package caption Info: Begin \AtBeginDocument code.
Package caption Info: End \AtBeginDocument code.

Package pgfplots notification 'compat/show suggested version=true': document ha
s been generated with the most recent feature set (\pgfplotsset{compat=1.18}).

(out/main.nav)
<./images//freileitung.jpg, id=45, 3476.99pt x 2384.91pt>
File: ./images//freileitung.jpg Graphic file (type jpg)
<use ./images//freileitung.jpg>
Package pdftex.def Info: ./images//freileitung.jpg  used on input line 25.
(pdftex.def)             Requested size: 182.09767pt x 124.89305pt.
 [1

{/usr/local/share/texmf-dist/fonts/map/pdftex/updmap/pdftex.map}{/usr/local/sha
re/texmf-dist/fonts/enc/dvips/cm-super/cm-super-t1.enc} <./images//freileitung.
jpg>]
File: ./images//freileitung.jpg Graphic file (type jpg)
<use ./images//freileitung.jpg>
Package pdftex.def Info: ./images//freileitung.jpg  used on input line 25.
(pdftex.def)             Requested size: 182.09767pt x 124.89305pt.
 [2

] (./slides/intro.tex [3

]) (./slides/circuit.tex
<./images//kraftwerk.png, id=131, 385.44pt x 385.44pt>
File: ./images//kraftwerk.png Graphic file (type png)
<use ./images//kraftwerk.png>
Package pdftex.def Info: ./images//kraftwerk.png  used on input line 62.
(pdftex.def)             Requested size: 58.4002pt x 58.39575pt.
<./images//house.png, id=133, 385.44pt x 385.44pt>
File: ./images//house.png Graphic file (type png)
<use ./images//house.png>
Package pdftex.def Info: ./images//house.png  used on input line 62.
(pdftex.def)             Requested size: 58.4002pt x 58.39575pt.

Overfull \hbox (2.53209pt too wide) in paragraph at lines 62--62
[][] 
 []

[4

 <./images//kraftwerk.png> <./images//house.png>]
File: ./images//kraftwerk.png Graphic file (type png)
<use ./images//kraftwerk.png>
Package pdftex.def Info: ./images//kraftwerk.png  used on input line 62.
(pdftex.def)             Requested size: 58.4002pt x 58.39575pt.
File: ./images//house.png Graphic file (type png)
<use ./images//house.png>
Package pdftex.def Info: ./images//house.png  used on input line 62.
(pdftex.def)             Requested size: 58.4002pt x 58.39575pt.

Overfull \hbox (2.53209pt too wide) in paragraph at lines 62--62
[][] 
 []

[5

]
LaTeX Font Info:    Trying to load font information for U+msa on input line 62.

 (/usr/local/share/texmf-dist/tex/latex/amsfonts/umsa.fd
File: umsa.fd 2013/01/14 v3.01 AMS symbols A
)
LaTeX Font Info:    Trying to load font information for U+msb on input line 62.


(/usr/local/share/texmf-dist/tex/latex/amsfonts/umsb.fd
File: umsb.fd 2013/01/14 v3.01 AMS symbols B
)
LaTeX Font Info:    Trying to load font information for OT1+mathkerncmss on inp
ut line 62.

(/usr/local/share/texmf-dist/tex/latex/sansmathaccent/ot1mathkerncmss.fd
File: ot1mathkerncmss.fd 2020/01/31 Fontinst v1.933 font definitions for OT1/ma
thkerncmss.
)
[6

] [7

] [8

] [9

] [10

] [11

] [12

] [13

] [14

] [15

] [16

] [17

] [18

] [19

] [20

])
(./slides/spannung.tex [21

]
<./images//current.png, id=772, 693.59125pt x 194.7275pt>
File: ./images//current.png Graphic file (type png)
<use ./images//current.png>
Package pdftex.def Info: ./images//current.png  used on input line 21.
(pdftex.def)             Requested size: 290.74263pt x 81.6275pt.
 [22

 <./images//current.png>]
File: ./images//current.png Graphic file (type png)
<use ./images//current.png>
Package pdftex.def Info: ./images//current.png  used on input line 21.
(pdftex.def)             Requested size: 203.51895pt x 57.13806pt.
 [23

]
File: ./images//current.png Graphic file (type png)
<use ./images//current.png>
Package pdftex.def Info: ./images//current.png  used on input line 21.
(pdftex.def)             Requested size: 203.51895pt x 57.13806pt.
 [24

] [25

]
<images/understandable.jpg, id=916, 2278.5125pt x 1139.25626pt>
File: images/understandable.jpg Graphic file (type jpg)
<use images/understandable.jpg>
Package pdftex.def Info: images/understandable.jpg  used on input line 69.
(pdftex.def)             Requested size: 182.09767pt x 91.03806pt.

Overfull \vbox (2.68855pt too high) detected at line 69
 []

[26

 <./images/understandable.jpg>]
File: images/understandable.jpg Graphic file (type jpg)
<use images/understandable.jpg>
Package pdftex.def Info: images/understandable.jpg  used on input line 69.
(pdftex.def)             Requested size: 182.09767pt x 91.03806pt.

Overfull \vbox (2.68855pt too high) detected at line 69
 []

[27

]
File: images/understandable.jpg Graphic file (type jpg)
<use images/understandable.jpg>
Package pdftex.def Info: images/understandable.jpg  used on input line 69.
(pdftex.def)             Requested size: 182.09767pt x 91.03806pt.

Overfull \vbox (2.68855pt too high) detected at line 69
 []

[28

]
File: images/understandable.jpg Graphic file (type jpg)
<use images/understandable.jpg>
Package pdftex.def Info: images/understandable.jpg  used on input line 69.
(pdftex.def)             Requested size: 182.09767pt x 91.03806pt.

Overfull \vbox (2.68855pt too high) detected at line 69
 []

[29

]
File: images/understandable.jpg Graphic file (type jpg)
<use images/understandable.jpg>
Package pdftex.def Info: images/understandable.jpg  used on input line 69.
(pdftex.def)             Requested size: 182.09767pt x 91.03806pt.

Overfull \vbox (2.68855pt too high) detected at line 69
 []

[30

]
File: images/understandable.jpg Graphic file (type jpg)
<use images/understandable.jpg>
Package pdftex.def Info: images/understandable.jpg  used on input line 69.
(pdftex.def)             Requested size: 182.09767pt x 91.03806pt.

Overfull \vbox (2.68855pt too high) detected at line 69
 []

[31

]
<images/hose.jpg, id=1125, 1505.625pt x 1505.625pt>
File: images/hose.jpg Graphic file (type jpg)
<use images/hose.jpg>
Package pdftex.def Info: images/hose.jpg  used on input line 81.
(pdftex.def)             Requested size: 203.51895pt x 203.50331pt.
<images/stop.jpg, id=1126, 501.875pt x 501.875pt>
File: images/stop.jpg Graphic file (type jpg)
<use images/stop.jpg>
Package pdftex.def Info: images/stop.jpg  used on input line 81.
(pdftex.def)             Requested size: 145.3713pt x 145.37154pt.
 [32

 <./images/hose.jpg> <./images/stop.jpg>]
File: images/hose.jpg Graphic file (type jpg)
<use images/hose.jpg>
Package pdftex.def Info: images/hose.jpg  used on input line 81.
(pdftex.def)             Requested size: 203.51895pt x 203.50331pt.
File: images/stop.jpg Graphic file (type jpg)
<use images/stop.jpg>
Package pdftex.def Info: images/stop.jpg  used on input line 81.
(pdftex.def)             Requested size: 145.3713pt x 145.37154pt.
 [33

]
File: images/hose.jpg Graphic file (type jpg)
<use images/hose.jpg>
Package pdftex.def Info: images/hose.jpg  used on input line 81.
(pdftex.def)             Requested size: 203.51895pt x 203.50331pt.
File: images/stop.jpg Graphic file (type jpg)
<use images/stop.jpg>
Package pdftex.def Info: images/stop.jpg  used on input line 81.
(pdftex.def)             Requested size: 145.3713pt x 145.37154pt.
 [34

] [35

]
<./images//spannung.jpg, id=1252, 688.5725pt x 387.4475pt>
File: ./images//spannung.jpg Graphic file (type jpg)
<use ./images//spannung.jpg>
Package pdftex.def Info: ./images//spannung.jpg  used on input line 91.
(pdftex.def)             Requested size: 290.74263pt x 163.59589pt.
 [36

 <./images//spannung.jpg>] [37

] [38

]
<./images//transformator.png, id=1348, 642.4pt x 401.5pt>
File: ./images//transformator.png Graphic file (type png)
<use ./images//transformator.png>
Package pdftex.def Info: ./images//transformator.png  used on input line 104.
(pdftex.def)             Requested size: 290.74263pt x 181.71481pt.
 [39

 <./images//transformator.png>]
<./images//einstein.jpg, id=1383, 2532.46124pt x 3325.42375pt>
File: ./images//einstein.jpg Graphic file (type jpg)
<use ./images//einstein.jpg>
Package pdftex.def Info: ./images//einstein.jpg  used on input line 111.
(pdftex.def)             Requested size: 87.22366pt x 114.52428pt.
<./images//relativity.png, id=1384, 319.9152pt x 114.1866pt>
File: ./images//relativity.png Graphic file (type png)
<use ./images//relativity.png>
Package pdftex.def Info: ./images//relativity.png  used on input line 111.
(pdftex.def)             Requested size: 290.74263pt x 103.77579pt.
 [40

 <./images//einstein.jpg> <./images//relativity.png>]
<./images//alarmy.png, id=1420, 845.0772pt x 597.432pt>
File: ./images//alarmy.png Graphic file (type png)
<use ./images//alarmy.png>
Package pdftex.def Info: ./images//alarmy.png  used on input line 117.
(pdftex.def)             Requested size: 290.74263pt x 205.53995pt.
 [41

 <./images//alarmy.png>])
(./slides/outro.tex [42

])
\tf@nav=\write6
\openout6 = `main.nav'.

\tf@toc=\write7
\openout7 = `main.toc'.

\tf@snm=\write8
\openout8 = `main.snm'.

 (out/main.aux)
 ***********
LaTeX2e <2023-06-01> pre-release-2 (develop 2023-10-19 branch)
L3 programming layer <2023-02-22>
 ***********
Package rerunfilecheck Info: File `main.out' has not changed.
(rerunfilecheck)             Checksum: BABE968D2029A4A6FFA6D80E3C724FDA;1218.
 ) 
Here is how much of TeX's memory you used:
 57130 strings out of 476000
 1464812 string characters out of 5793087
 2092489 words of memory out of 5000000
 76661 multiletter control sequences out of 15000+600000
 533667 words of font info for 84 fonts, out of 8000000 for 9000
 1141 hyphenation exceptions out of 8191
 128i,15n,131p,792b,833s stack positions out of 10000i,2500n,20000p,300000b,200000s
</usr/local/share/texmf-dist/fonts/type1/public/amsfonts/cm/cmmi10.pfb></usr/
local/share/texmf-dist/fonts/type1/public/amsfonts/cm/cmmi12.pfb></usr/local/sh
are/texmf-dist/fonts/type1/public/amsfonts/cm/cmss10.pfb></usr/local/share/texm
f-dist/fonts/type1/public/amsfonts/cm/cmss12.pfb></usr/local/share/texmf-dist/f
onts/type1/public/amsfonts/cm/cmssi10.pfb></usr/local/share/texmf-dist/fonts/ty
pe1/public/amsfonts/cm/cmssi12.pfb></usr/local/share/texmf-dist/fonts/type1/pub
lic/amsfonts/cm/cmssi8.pfb></usr/local/share/texmf-dist/fonts/type1/public/amsf
onts/cm/cmsy10.pfb></usr/local/share/texmf-dist/fonts/type1/public/cm-super/sfs
i1000.pfb></usr/local/share/texmf-dist/fonts/type1/public/cm-super/sfss0500.pfb
></usr/local/share/texmf-dist/fonts/type1/public/cm-super/sfss0600.pfb></usr/lo
cal/share/texmf-dist/fonts/type1/public/cm-super/sfss0800.pfb></usr/local/share
/texmf-dist/fonts/type1/public/cm-super/sfss1000.pfb></usr/local/share/texmf-di
st/fonts/type1/public/cm-super/sfss1095.pfb></usr/local/share/texmf-dist/fonts/
type1/public/cm-super/sfss1440.pfb></usr/local/share/texmf-dist/fonts/type1/pub
lic/cm-super/sfss2074.pfb></usr/local/share/texmf-dist/fonts/type1/public/cm-su
per/sfss2488.pfb></usr/local/share/texmf-dist/fonts/type1/public/cm-super/sfsx1
000.pfb></usr/local/share/texmf-dist/fonts/type1/public/cm-super/sfsx1095.pfb>
Output written on out/main.pdf (42 pages, 16066250 bytes).
PDF statistics:
 1594 PDF objects out of 1728 (max. 8388607)
 1473 compressed objects within 15 object streams
 93 named destinations out of 1000 (max. 500000)
 167 words of extra memory for PDF output out of 10000 (max. 10000000)

