This is pdfTeX, Version 3.141592653-2.6-1.40.25 (Web2C 2023) (preloaded format=pdflatex 2024.1.6)  21 APR 2024 20:36
entering extended mode
 \write18 enabled.
 file:line:error style messages enabled.
 %&-line parsing enabled.
**/usr/home/hackerman/Desktop/TexUndCo/Mat/sphere-formulas/src/main.tex
(/usr/home/hackerman/Desktop/TexUndCo/Mat/sphere-formulas/src/main.tex
LaTeX2e <2023-06-01> pre-release-2 (develop 2024-1-6 branch)
L3 programming layer <2023-02-22>
(/usr/local/share/texmf-dist/tex/latex-dev/base/article.cls
Document Class: article 2022/07/02 v1.4n Standard LaTeX document class
(/usr/local/share/texmf-dist/tex/latex-dev/base/size10.clo
File: size10.clo 2022/07/02 v1.4n Standard LaTeX file (size option)
)
\c@part=\count185
\c@section=\count186
\c@subsection=\count187
\c@subsubsection=\count188
\c@paragraph=\count189
\c@subparagraph=\count190
\c@figure=\count191
\c@table=\count192
\abovecaptionskip=\skip48
\belowcaptionskip=\skip49
\bibindent=\dimen140
)
(/usr/local/share/texmf-dist/tex/latex/geometry/geometry.sty
Package: geometry 2020/01/02 v5.9 Page Geometry

(/usr/local/share/texmf-dist/tex/latex/graphics/keyval.sty
Package: keyval 2022/05/29 v1.15 key=value parser (DPC)
\KV@toks@=\toks17
)
(/usr/local/share/texmf-dist/tex/generic/iftex/ifvtex.sty
Package: ifvtex 2019/10/25 v1.7 ifvtex legacy package. Use iftex instead.

(/usr/local/share/texmf-dist/tex/generic/iftex/iftex.sty
Package: iftex 2022/02/03 v1.0f TeX engine tests
))
\Gm@cnth=\count193
\Gm@cntv=\count194
\c@Gm@tempcnt=\count195
\Gm@bindingoffset=\dimen141
\Gm@wd@mp=\dimen142
\Gm@odd@mp=\dimen143
\Gm@even@mp=\dimen144
\Gm@layoutwidth=\dimen145
\Gm@layoutheight=\dimen146
\Gm@layouthoffset=\dimen147
\Gm@layoutvoffset=\dimen148
\Gm@dimlist=\toks18
)
(/usr/local/share/texmf-dist/tex/latex/amsmath/amsmath.sty
Package: amsmath 2022/04/08 v2.17n AMS math features
\@mathmargin=\skip50

For additional information on amsmath, use the `?' option.
(/usr/local/share/texmf-dist/tex/latex/amsmath/amstext.sty
Package: amstext 2021/08/26 v2.01 AMS text

(/usr/local/share/texmf-dist/tex/latex/amsmath/amsgen.sty
File: amsgen.sty 1999/11/30 v2.0 generic functions
\@emptytoks=\toks19
\ex@=\dimen149
))
(/usr/local/share/texmf-dist/tex/latex/amsmath/amsbsy.sty
Package: amsbsy 1999/11/29 v1.2d Bold Symbols
\pmbraise@=\dimen150
)
(/usr/local/share/texmf-dist/tex/latex/amsmath/amsopn.sty
Package: amsopn 2022/04/08 v2.04 operator names
)
\inf@bad=\count196
LaTeX Info: Redefining \frac on input line 234.
\uproot@=\count197
\leftroot@=\count198
LaTeX Info: Redefining \overline on input line 399.
LaTeX Info: Redefining \colon on input line 410.
\classnum@=\count199
\DOTSCASE@=\count266
LaTeX Info: Redefining \ldots on input line 496.
LaTeX Info: Redefining \dots on input line 499.
LaTeX Info: Redefining \cdots on input line 620.
\Mathstrutbox@=\box51
\strutbox@=\box52
LaTeX Info: Redefining \big on input line 722.
LaTeX Info: Redefining \Big on input line 723.
LaTeX Info: Redefining \bigg on input line 724.
LaTeX Info: Redefining \Bigg on input line 725.
\big@size=\dimen151
LaTeX Font Info:    Redeclaring font encoding OML on input line 743.
LaTeX Font Info:    Redeclaring font encoding OMS on input line 744.
\macc@depth=\count267
LaTeX Info: Redefining \bmod on input line 905.
LaTeX Info: Redefining \pmod on input line 910.
LaTeX Info: Redefining \smash on input line 940.
LaTeX Info: Redefining \relbar on input line 970.
LaTeX Info: Redefining \Relbar on input line 971.
\c@MaxMatrixCols=\count268
\dotsspace@=\muskip16
\c@parentequation=\count269
\dspbrk@lvl=\count270
\tag@help=\toks20
\row@=\count271
\column@=\count272
\maxfields@=\count273
\andhelp@=\toks21
\eqnshift@=\dimen152
\alignsep@=\dimen153
\tagshift@=\dimen154
\tagwidth@=\dimen155
\totwidth@=\dimen156
\lineht@=\dimen157
\@envbody=\toks22
\multlinegap=\skip51
\multlinetaggap=\skip52
\mathdisplay@stack=\toks23
LaTeX Info: Redefining \[ on input line 2953.
LaTeX Info: Redefining \] on input line 2954.
)
(/usr/local/share/texmf-dist/tex/latex/psnfss/pifont.sty
Package: pifont 2020/03/25 PSNFSS-v9.3 Pi font support (SPQR) 
LaTeX Font Info:    Trying to load font information for U+pzd on input line 63.


(/usr/local/share/texmf-dist/tex/latex/psnfss/upzd.fd
File: upzd.fd 2001/06/04 font definitions for U/pzd.
)
LaTeX Font Info:    Trying to load font information for U+psy on input line 64.


(/usr/local/share/texmf-dist/tex/latex/psnfss/upsy.fd
File: upsy.fd 2001/06/04 font definitions for U/psy.
))
(/usr/local/share/texmf-dist/tex/latex/tools/array.sty
Package: array 2022/09/04 v2.5g Tabular extension package (FMi)
\col@sep=\dimen158
\ar@mcellbox=\box53
\extrarowheight=\dimen159
\NC@list=\toks24
\extratabsurround=\skip53
\backup@length=\skip54
\ar@cellbox=\box54
)
(/usr/local/share/texmf-dist/tex/generic/babel/babel.sty
Package: babel 2023/02/13 3.86 The Babel package
\babel@savecnt=\count274
\U@D=\dimen160
\l@unhyphenated=\language87

(/usr/local/share/texmf-dist/tex/generic/babel/txtbabel.def)
\bbl@readstream=\read2
\bbl@dirlevel=\count275

(/usr/local/share/texmf-dist/tex/generic/babel-slovak/slovak.ldf
Language: slovak 2008/07/06 v3.1a Slovak support from the babel system
Package babel Info: Making ^ an active character on input line 123.
Package babel Info: Making " an active character on input line 126.
Package babel Info: Making ' an active character on input line 129.
\cs@wordlen=\count276
Package babel Info: Making - an active character on input line 294.
))
(/usr/local/share/texmf-dist/tex/generic/babel/locale/sk/babel-slovak.tex
Package babel Info: Importing font and identification data for slovak
(babel)             from babel-sk.ini. Reported on input line 11.
)
(/usr/local/share/texmf-dist/tex/latex-dev/base/fontenc.sty
Package: fontenc 2021/04/29 v2.0v Standard LaTeX package
)
(/usr/local/share/texmf-dist/tex/latex/graphics/graphicx.sty
Package: graphicx 2021/09/16 v1.2d Enhanced LaTeX Graphics (DPC,SPQR)

(/usr/local/share/texmf-dist/tex/latex/graphics/graphics.sty
Package: graphics 2022/03/10 v1.4e Standard LaTeX Graphics (DPC,SPQR)

(/usr/local/share/texmf-dist/tex/latex/graphics/trig.sty
Package: trig 2021/08/11 v1.11 sin cos tan (DPC)
)
(/usr/local/share/texmf-dist/tex/latex/graphics-cfg/graphics.cfg
File: graphics.cfg 2016/06/04 v1.11 sample graphics configuration
)
Package graphics Info: Driver file: pdftex.def on input line 107.

(/usr/local/share/texmf-dist/tex/latex/graphics-def/pdftex.def
File: pdftex.def 2022/09/22 v1.2b Graphics/color driver for pdftex
))
\Gin@req@height=\dimen161
\Gin@req@width=\dimen162
)
(/usr/local/share/texmf-dist/tex/latex/l3backend/l3backend-pdftex.def
File: l3backend-pdftex.def 2023-01-16 L3 backend support: PDF output (pdfTeX)
\l__color_backend_stack_int=\count277
\l__pdf_internal_box=\box55
)
(/usr/home/hackerman/Desktop/TexUndCo/Mat/sphere-formulas/out/main.aux)
\openout1 = `main.aux'.

LaTeX Font Info:    Checking defaults for OML/cmm/m/it on input line 23.
LaTeX Font Info:    ... okay on input line 23.
LaTeX Font Info:    Checking defaults for OMS/cmsy/m/n on input line 23.
LaTeX Font Info:    ... okay on input line 23.
LaTeX Font Info:    Checking defaults for OT1/cmr/m/n on input line 23.
LaTeX Font Info:    ... okay on input line 23.
LaTeX Font Info:    Checking defaults for T1/cmr/m/n on input line 23.
LaTeX Font Info:    ... okay on input line 23.
LaTeX Font Info:    Checking defaults for TS1/cmr/m/n on input line 23.
LaTeX Font Info:    ... okay on input line 23.
LaTeX Font Info:    Checking defaults for OMX/cmex/m/n on input line 23.
LaTeX Font Info:    ... okay on input line 23.
LaTeX Font Info:    Checking defaults for U/cmr/m/n on input line 23.
LaTeX Font Info:    ... okay on input line 23.

*geometry* driver: auto-detecting
*geometry* detected driver: pdftex
*geometry* verbose mode - [ preamble ] result:
* driver: pdftex
* paper: <default>
* layout: <same size as paper>
* layoutoffset:(h,v)=(0.0pt,0.0pt)
* modes: 
* h-part:(L,W,R)=(92.14519pt, 430.00462pt, 92.14519pt)
* v-part:(T,H,B)=(95.39737pt, 556.47656pt, 143.09605pt)
* \paperwidth=614.295pt
* \paperheight=794.96999pt
* \textwidth=430.00462pt
* \textheight=556.47656pt
* \oddsidemargin=19.8752pt
* \evensidemargin=19.8752pt
* \topmargin=-13.87262pt
* \headheight=12.0pt
* \headsep=25.0pt
* \topskip=10.0pt
* \footskip=30.0pt
* \marginparwidth=65.0pt
* \marginparsep=11.0pt
* \columnsep=10.0pt
* \skip\footins=9.0pt plus 4.0pt minus 2.0pt
* \hoffset=0.0pt
* \voffset=0.0pt
* \mag=1000
* \@twocolumnfalse
* \@twosidefalse
* \@mparswitchfalse
* \@reversemarginfalse
* (1in=72.27pt=25.4mm, 1cm=28.453pt)

(/usr/local/share/texmf-dist/tex/context/base/mkii/supp-pdf.mkii
[Loading MPS to PDF converter (version 2006.09.02).]
\scratchcounter=\count278
\scratchdimen=\dimen163
\scratchbox=\box56
\nofMPsegments=\count279
\nofMParguments=\count280
\everyMPshowfont=\toks25
\MPscratchCnt=\count281
\MPscratchDim=\dimen164
\MPnumerator=\count282
\makeMPintoPDFobject=\count283
\everyMPtoPDFconversion=\toks26
) (/usr/local/share/texmf-dist/tex/latex/epstopdf-pkg/epstopdf-base.sty
Package: epstopdf-base 2020-01-24 v2.11 Base part for package epstopdf
Package epstopdf-base Info: Redefining graphics rule for `.eps' on input line 4
85.

(/usr/local/share/texmf-dist/tex/latex/latexconfig/epstopdf-sys.cfg
File: epstopdf-sys.cfg 2010/07/13 v1.3 Configuration of (r)epstopdf for TeX Liv
e
))
<images//gula.png, id=1, 225.84375pt x 203.25937pt>
File: images//gula.png Graphic file (type png)
<use images//gula.png>
Package pdftex.def Info: images//gula.png  used on input line 32.
(pdftex.def)             Requested size: 68.53516pt x 61.68231pt.
<images//gulovy-pas.png, id=3, 213.79875pt x 213.79875pt>
File: images//gulovy-pas.png Graphic file (type png)
<use images//gulovy-pas.png>
Package pdftex.def Info: images//gulovy-pas.png  used on input line 34.
(pdftex.def)             Requested size: 68.53516pt x 68.53442pt.
<images//gulovy-vrchlik.png, id=4, 243.5499pt x 244.7544pt>
File: images//gulovy-vrchlik.png Graphic file (type png)
<use images//gulovy-vrchlik.png>
Package pdftex.def Info: images//gulovy-vrchlik.png  used on input line 36.
(pdftex.def)             Requested size: 68.53516pt x 68.87434pt.
<images//gulovy-odsek.png, id=5, 308.15125pt x 306.14375pt>
File: images//gulovy-odsek.png Graphic file (type png)
<use images//gulovy-odsek.png>
Package pdftex.def Info: images//gulovy-odsek.png  used on input line 38.
(pdftex.def)             Requested size: 68.53516pt x 68.08524pt.
<images//gulova-vrstva.png, id=6, 281.05pt x 284.06125pt>
File: images//gulova-vrstva.png Graphic file (type png)
<use images//gulova-vrstva.png>
Package pdftex.def Info: images//gulova-vrstva.png  used on input line 40.
(pdftex.def)             Requested size: 68.53516pt x 69.26836pt.
<images//gulovy-vysek.png, id=7, 150.5625pt x 150.5625pt>
File: images//gulovy-vysek.png Graphic file (type png)
<use images//gulovy-vysek.png>
Package pdftex.def Info: images//gulovy-vysek.png  used on input line 42.
(pdftex.def)             Requested size: 68.53516pt x 68.5382pt.

Overfull \hbox (9.31651pt too wide) in paragraph at lines 28--45
 [][] 
 []


LaTeX Warning: Float too large for page by 122.91043pt on input line 45.

[1{/usr/local/share/texmf-dist/fonts/map/pdftex/updmap/pdftex.map}{/usr/local/s
hare/texmf-dist/fonts/enc/dvips/cm-super/cm-super-t1.enc} <./images//gula.png> 
<./images//gulovy-pas.png> <./images//gulovy-vrchlik.png> <./images//gulovy-ods
ek.png> <./images//gulova-vrstva.png> <./images//gulovy-vysek.png>]
(/usr/home/hackerman/Desktop/TexUndCo/Mat/sphere-formulas/out/main.aux)
 ***********
LaTeX2e <2023-06-01> pre-release-2 (develop 2024-1-6 branch)
L3 programming layer <2023-02-22>
 ***********
 ) 
Here is how much of TeX's memory you used:
 4144 strings out of 476000
 65530 string characters out of 5793089
 1857432 words of memory out of 5000000
 24603 multiletter control sequences out of 15000+600000
 517004 words of font info for 43 fonts, out of 8000000 for 9000
 1141 hyphenation exceptions out of 8191
 57i,14n,62p,280b,390s stack positions out of 10000i,2500n,20000p,300000b,200000s
</usr/local/share/texmf-dist/fonts/type1/public/amsfonts/cm/cmmi12.pfb></usr/
local/share/texmf-dist/fonts/type1/public/amsfonts/cm/cmr10.pfb></usr/local/sha
re/texmf-dist/fonts/type1/public/amsfonts/cm/cmr12.pfb></usr/local/share/texmf-
dist/fonts/type1/public/amsfonts/cm/cmsy10.pfb></usr/local/share/texmf-dist/fon
ts/type1/public/cm-super/sfrm1440.pfb></usr/local/share/texmf-dist/fonts/type1/
public/cm-super/sfrm2488.pfb></usr/local/share/texmf-dist/fonts/type1/urw/zapfd
ing/uzdr.pfb>
Output written on /usr/home/hackerman/Desktop/TexUndCo/Mat/sphere-formulas/out/
main.pdf (1 page, 518799 bytes).
PDF statistics:
 56 PDF objects out of 1000 (max. 8388607)
 27 compressed objects within 1 object stream
 0 named destinations out of 1000 (max. 500000)
 31 words of extra memory for PDF output out of 10000 (max. 10000000)

