This is pdfTeX, Version 3.141592653-2.6-1.40.25 (Web2C 2023) (preloaded format=pdflatex 2024.1.6)  6 MAY 2024 21:08
entering extended mode
 \write18 enabled.
 file:line:error style messages enabled.
 %&-line parsing enabled.
**/usr/home/hackerman/Desktop/TexUndCo/Bio/Herbar/src/main.tex
(/usr/home/hackerman/Desktop/TexUndCo/Bio/Herbar/src/main.tex
LaTeX2e <2023-06-01> pre-release-2 (develop 2024-1-6 branch)
L3 programming layer <2023-02-22>
(/usr/local/share/texmf-dist/tex/latex/extsizes/extarticle.cls
Document Class: extarticle 1996/10/08 v1.0 Non Standard LaTeX document class
(/usr/local/share/texmf-dist/tex/latex-dev/base/size11.clo
File: size11.clo 2022/07/02 v1.4n Standard LaTeX file (size option)
)
(/usr/local/share/texmf-dist/tex/latex-dev/base/exscale.sty
Package: exscale 2018/09/24 v2.1i Standard LaTeX package exscale
LaTeX Font Info:    Redeclaring symbol font `largesymbols' on input line 57.
LaTeX Font Info:    Overwriting symbol font `largesymbols' in version `normal'
(Font)                  OMX/cmex/m/n --> OMX/cmex/m/n on input line 57.
LaTeX Font Info:    Overwriting symbol font `largesymbols' in version `bold'
(Font)                  OMX/cmex/m/n --> OMX/cmex/m/n on input line 57.
\big@size=\dimen140
)
\c@part=\count185
\c@section=\count186
\c@subsection=\count187
\c@subsubsection=\count188
\c@paragraph=\count189
\c@subparagraph=\count190
\c@figure=\count191
\c@table=\count192
\abovecaptionskip=\skip48
\belowcaptionskip=\skip49
\bibindent=\dimen141
)
(/usr/local/share/texmf-dist/tex/latex/geometry/geometry.sty
Package: geometry 2020/01/02 v5.9 Page Geometry

(/usr/local/share/texmf-dist/tex/latex/graphics/keyval.sty
Package: keyval 2022/05/29 v1.15 key=value parser (DPC)
\KV@toks@=\toks17
)
(/usr/local/share/texmf-dist/tex/generic/iftex/ifvtex.sty
Package: ifvtex 2019/10/25 v1.7 ifvtex legacy package. Use iftex instead.

(/usr/local/share/texmf-dist/tex/generic/iftex/iftex.sty
Package: iftex 2022/02/03 v1.0f TeX engine tests
))
\Gm@cnth=\count193
\Gm@cntv=\count194
\c@Gm@tempcnt=\count195
\Gm@bindingoffset=\dimen142
\Gm@wd@mp=\dimen143
\Gm@odd@mp=\dimen144
\Gm@even@mp=\dimen145
\Gm@layoutwidth=\dimen146
\Gm@layoutheight=\dimen147
\Gm@layouthoffset=\dimen148
\Gm@layoutvoffset=\dimen149
\Gm@dimlist=\toks18
)
(/usr/local/share/texmf-dist/tex/generic/babel/babel.sty
Package: babel 2023/02/13 3.86 The Babel package
\babel@savecnt=\count196
\U@D=\dimen150
\l@unhyphenated=\language87

(/usr/local/share/texmf-dist/tex/generic/babel/txtbabel.def)
\bbl@readstream=\read2
\bbl@dirlevel=\count197

(/usr/local/share/texmf-dist/tex/generic/babel-slovak/slovak.ldf
Language: slovak 2008/07/06 v3.1a Slovak support from the babel system
Package babel Info: Making ^ an active character on input line 123.
Package babel Info: Making " an active character on input line 126.
Package babel Info: Making ' an active character on input line 129.
\cs@wordlen=\count198
Package babel Info: Making - an active character on input line 294.
))
(/usr/local/share/texmf-dist/tex/generic/babel/locale/sk/babel-slovak.tex
Package babel Info: Importing font and identification data for slovak
(babel)             from babel-sk.ini. Reported on input line 11.
)
(/usr/local/share/texmf-dist/tex/latex-dev/base/fontenc.sty
Package: fontenc 2021/04/29 v2.0v Standard LaTeX package
)
(/usr/local/share/texmf-dist/tex/latex/fancyvrb/fancyvrb.sty
Package: fancyvrb 2023/01/19 4.5a verbatim text (tvz,hv)
\FV@CodeLineNo=\count199
\FV@InFile=\read3
\FV@TabBox=\box51
\c@FancyVerbLine=\count266
\FV@StepNumber=\count267
\FV@OutFile=\write3
)
(/usr/local/share/texmf-dist/tex/latex/tools/multicol.sty
Package: multicol 2021/11/30 v1.9d multicolumn formatting (FMi)
\c@tracingmulticols=\count268
\mult@box=\box52
\multicol@leftmargin=\dimen151
\c@unbalance=\count269
\c@collectmore=\count270
\doublecol@number=\count271
\multicoltolerance=\count272
\multicolpretolerance=\count273
\full@width=\dimen152
\page@free=\dimen153
\premulticols=\dimen154
\postmulticols=\dimen155
\multicolsep=\skip50
\multicolbaselineskip=\skip51
\partial@page=\box53
\last@line=\box54
\maxbalancingoverflow=\dimen156
\mult@rightbox=\box55
\mult@grightbox=\box56
\mult@firstbox=\box57
\mult@gfirstbox=\box58
\@tempa=\box59
\@tempa=\box60
\@tempa=\box61
\@tempa=\box62
\@tempa=\box63
\@tempa=\box64
\@tempa=\box65
\@tempa=\box66
\@tempa=\box67
\@tempa=\box68
\@tempa=\box69
\@tempa=\box70
\@tempa=\box71
\@tempa=\box72
\@tempa=\box73
\@tempa=\box74
\@tempa=\box75
\@tempa=\box76
\@tempa=\box77
\@tempa=\box78
\@tempa=\box79
\@tempa=\box80
\@tempa=\box81
\@tempa=\box82
\@tempa=\box83
\@tempa=\box84
\@tempa=\box85
\@tempa=\box86
\@tempa=\box87
\@tempa=\box88
\@tempa=\box89
\@tempa=\box90
\@tempa=\box91
\@tempa=\box92
\@tempa=\box93
\@tempa=\box94
\c@minrows=\count274
\c@columnbadness=\count275
\c@finalcolumnbadness=\count276
\last@try=\dimen157
\multicolovershoot=\dimen158
\multicolundershoot=\dimen159
\mult@nat@firstbox=\box95
\colbreak@box=\box96
\mc@col@check@num=\count277
)
(/usr/local/share/texmf-dist/tex/latex/graphics/graphicx.sty
Package: graphicx 2021/09/16 v1.2d Enhanced LaTeX Graphics (DPC,SPQR)

(/usr/local/share/texmf-dist/tex/latex/graphics/graphics.sty
Package: graphics 2022/03/10 v1.4e Standard LaTeX Graphics (DPC,SPQR)

(/usr/local/share/texmf-dist/tex/latex/graphics/trig.sty
Package: trig 2021/08/11 v1.11 sin cos tan (DPC)
)
(/usr/local/share/texmf-dist/tex/latex/graphics-cfg/graphics.cfg
File: graphics.cfg 2016/06/04 v1.11 sample graphics configuration
)
Package graphics Info: Driver file: pdftex.def on input line 107.

(/usr/local/share/texmf-dist/tex/latex/graphics-def/pdftex.def
File: pdftex.def 2022/09/22 v1.2b Graphics/color driver for pdftex
))
\Gin@req@height=\dimen160
\Gin@req@width=\dimen161
)
(/usr/local/share/texmf-dist/tex/latex/l3backend/l3backend-pdftex.def
File: l3backend-pdftex.def 2023-01-16 L3 backend support: PDF output (pdfTeX)
\l__color_backend_stack_int=\count278
\l__pdf_internal_box=\box97
)
(/usr/home/hackerman/Desktop/TexUndCo/Bio/Herbar/out/main.aux)
\openout1 = `main.aux'.

LaTeX Font Info:    Checking defaults for OML/cmm/m/it on input line 48.
LaTeX Font Info:    ... okay on input line 48.
LaTeX Font Info:    Checking defaults for OMS/cmsy/m/n on input line 48.
LaTeX Font Info:    ... okay on input line 48.
LaTeX Font Info:    Checking defaults for OT1/cmr/m/n on input line 48.
LaTeX Font Info:    ... okay on input line 48.
LaTeX Font Info:    Checking defaults for T1/cmr/m/n on input line 48.
LaTeX Font Info:    ... okay on input line 48.
LaTeX Font Info:    Checking defaults for TS1/cmr/m/n on input line 48.
LaTeX Font Info:    ... okay on input line 48.
LaTeX Font Info:    Checking defaults for OMX/cmex/m/n on input line 48.
LaTeX Font Info:    ... okay on input line 48.
LaTeX Font Info:    Checking defaults for U/cmr/m/n on input line 48.
LaTeX Font Info:    ... okay on input line 48.

*geometry* driver: auto-detecting
*geometry* detected driver: pdftex
*geometry* verbose mode - [ preamble ] result:
* driver: pdftex
* paper: <default>
* layout: <same size as paper>
* layoutoffset:(h,v)=(0.0pt,0.0pt)
* modes: 
* h-part:(L,W,R)=(25.0pt, 564.295pt, 25.0pt)
* v-part:(T,H,B)=(25.0pt, 744.96999pt, 25.0pt)
* \paperwidth=614.295pt
* \paperheight=794.96999pt
* \textwidth=564.295pt
* \textheight=744.96999pt
* \oddsidemargin=-47.26999pt
* \evensidemargin=-47.26999pt
* \topmargin=-84.26999pt
* \headheight=12.0pt
* \headsep=25.0pt
* \topskip=11.0pt
* \footskip=30.0pt
* \marginparwidth=59.0pt
* \marginparsep=10.0pt
* \columnsep=10.0pt
* \skip\footins=10.0pt plus 4.0pt minus 2.0pt
* \hoffset=0.0pt
* \voffset=0.0pt
* \mag=1000
* \@twocolumnfalse
* \@twosidefalse
* \@mparswitchfalse
* \@reversemarginfalse
* (1in=72.27pt=25.4mm, 1cm=28.453pt)

(/usr/local/share/texmf-dist/tex/context/base/mkii/supp-pdf.mkii
[Loading MPS to PDF converter (version 2006.09.02).]
\scratchcounter=\count279
\scratchdimen=\dimen162
\scratchbox=\box98
\nofMPsegments=\count280
\nofMParguments=\count281
\everyMPshowfont=\toks19
\MPscratchCnt=\count282
\MPscratchDim=\dimen163
\MPnumerator=\count283
\makeMPintoPDFobject=\count284
\everyMPtoPDFconversion=\toks20
) (/usr/local/share/texmf-dist/tex/latex/epstopdf-pkg/epstopdf-base.sty
Package: epstopdf-base 2020-01-24 v2.11 Base part for package epstopdf
Package epstopdf-base Info: Redefining graphics rule for `.eps' on input line 4
85.

(/usr/local/share/texmf-dist/tex/latex/latexconfig/epstopdf-sys.cfg
File: epstopdf-sys.cfg 2010/07/13 v1.3 Configuration of (r)epstopdf for TeX Liv
e
))
LaTeX Font Info:    External font `cmex7' loaded for size
(Font)              <6> on input line 49.

(/usr/home/hackerman/Desktop/TexUndCo/Bio/Herbar/out/main.toc)
\tf@toc=\write4
\openout4 = `main.toc'.

 [1

{/usr/local/share/texmf-dist/fonts/map/pdftex/updmap/pdftex.map}{/usr/local/sha
re/texmf-dist/fonts/enc/dvips/cm-super/cm-super-t1.enc}]
runsystem(ls -1 images/smrek> tmp/smrek_main.tmp)...executed.

\tmpFile=\read4
<images/smrek/kora.jpeg, id=12, 3035.34pt x 4047.12pt>
File: images/smrek/kora.jpeg Graphic file (type jpg)
<use images/smrek/kora.jpeg>
Package pdftex.def Info: images/smrek/kora.jpeg  used on input line 56.
(pdftex.def)             Requested size: 112.85727pt x 150.43274pt.
<images/smrek/kora_closeup.jpeg, id=13, 3035.34pt x 4047.12pt>
File: images/smrek/kora_closeup.jpeg Graphic file (type jpg)
<use images/smrek/kora_closeup.jpeg>
Package pdftex.def Info: images/smrek/kora_closeup.jpeg  used on input line 56.

(pdftex.def)             Requested size: 112.85727pt x 150.43274pt.
<images/smrek/siska.jpeg, id=14, 3035.34pt x 4047.12pt>
File: images/smrek/siska.jpeg Graphic file (type jpg)
<use images/smrek/siska.jpeg>
Package pdftex.def Info: images/smrek/siska.jpeg  used on input line 56.
(pdftex.def)             Requested size: 112.85727pt x 150.43274pt.
<images/smrek/vetva.jpeg, id=15, 3035.34pt x 4047.12pt>
File: images/smrek/vetva.jpeg Graphic file (type jpg)
<use images/smrek/vetva.jpeg>
Package pdftex.def Info: images/smrek/vetva.jpeg  used on input line 56.
(pdftex.def)             Requested size: 112.85727pt x 150.43274pt.
runsystem(rm tmp/smrek_main.tmp)...executed.


Overfull \hbox (473.22362pt too wide) in paragraph at lines 56--59
$[]$  $[]$  $[]$  $[]$   []
 []

runsystem(ls -1 images/lipa_malolista> tmp/lipa_malolista_main.tmp)...executed.

\tmpFile=\read5
<images/lipa_malolista/kora.jpeg, id=16, 3035.34pt x 4047.12pt>
File: images/lipa_malolista/kora.jpeg Graphic file (type jpg)
<use images/lipa_malolista/kora.jpeg>
Package pdftex.def Info: images/lipa_malolista/kora.jpeg  used on input line 60
.
(pdftex.def)             Requested size: 112.85727pt x 150.43274pt.
<images/lipa_malolista/list.jpeg, id=17, 3035.34pt x 4047.12pt>
File: images/lipa_malolista/list.jpeg Graphic file (type jpg)
<use images/lipa_malolista/list.jpeg>
Package pdftex.def Info: images/lipa_malolista/list.jpeg  used on input line 60
.
(pdftex.def)             Requested size: 112.85727pt x 150.43274pt.
runsystem(rm tmp/lipa_malolista_main.tmp)...executed.


Overfull \hbox (235.401pt too wide) in paragraph at lines 60--63
$[]$  $[]$  []
 []

runsystem(ls -1 images/javor_horsky> tmp/javor_horsky_main.tmp)...executed.

\tmpFile=\read6
<images/javor_horsky/list.jpeg, id=18, 3035.34pt x 4047.12pt>
File: images/javor_horsky/list.jpeg Graphic file (type jpg)
<use images/javor_horsky/list.jpeg>
Package pdftex.def Info: images/javor_horsky/list.jpeg  used on input line 64.
(pdftex.def)             Requested size: 112.85727pt x 150.43274pt.
<images/javor_horsky/plod.jpeg, id=19, 3035.34pt x 4047.12pt>
File: images/javor_horsky/plod.jpeg Graphic file (type jpg)
<use images/javor_horsky/plod.jpeg>
Package pdftex.def Info: images/javor_horsky/plod.jpeg  used on input line 64.
(pdftex.def)             Requested size: 112.85727pt x 150.43274pt.
<images/javor_horsky/semeno.jpeg, id=20, 3035.34pt x 4047.12pt>
File: images/javor_horsky/semeno.jpeg Graphic file (type jpg)
<use images/javor_horsky/semeno.jpeg>
Package pdftex.def Info: images/javor_horsky/semeno.jpeg  used on input line 64
.
(pdftex.def)             Requested size: 112.85727pt x 150.43274pt.
runsystem(rm tmp/javor_horsky_main.tmp)...executed.


Overfull \hbox (353.1015pt too wide) in paragraph at lines 64--67
$[]$  $[]$  $[]$  []
 []

runsystem(ls -1 images/borovica> tmp/borovica_main.tmp)...executed.

\tmpFile=\read7
<images/borovica/ihlicie.jpeg, id=21, 3035.34pt x 4047.12pt>
File: images/borovica/ihlicie.jpeg Graphic file (type jpg)
<use images/borovica/ihlicie.jpeg>
Package pdftex.def Info: images/borovica/ihlicie.jpeg  used on input line 68.
(pdftex.def)             Requested size: 112.85727pt x 150.43274pt.
<images/borovica/plod.jpeg, id=22, 3035.34pt x 4047.12pt>
File: images/borovica/plod.jpeg Graphic file (type jpg)
<use images/borovica/plod.jpeg>
Package pdftex.def Info: images/borovica/plod.jpeg  used on input line 68.
(pdftex.def)             Requested size: 112.85727pt x 150.43274pt.
runsystem(rm tmp/borovica_main.tmp)...executed.


Overfull \hbox (235.401pt too wide) in paragraph at lines 68--71
$[]$  $[]$  []
 []

[2 <./images/smrek/kora.jpeg> <./images/smrek/kora_closeup.jpeg> <./images/smre
k/siska.jpeg> <./images/smrek/vetva.jpeg> <./images/lipa_malolista/kora.jpeg> <
./images/lipa_malolista/list.jpeg> <./images/javor_horsky/list.jpeg> <./images/
javor_horsky/plod.jpeg> <./images/javor_horsky/semeno.jpeg>]
runsystem(ls -1 images/ceresna> tmp/ceresna_main.tmp)...executed.

\tmpFile=\read8
<images/ceresna/kora.jpeg, id=27, 3035.34pt x 4047.12pt>
File: images/ceresna/kora.jpeg Graphic file (type jpg)
<use images/ceresna/kora.jpeg>
Package pdftex.def Info: images/ceresna/kora.jpeg  used on input line 72.
(pdftex.def)             Requested size: 112.85727pt x 150.43274pt.
<images/ceresna/kvet.jpeg, id=28, 3035.34pt x 4047.12pt>
File: images/ceresna/kvet.jpeg Graphic file (type jpg)
<use images/ceresna/kvet.jpeg>
Package pdftex.def Info: images/ceresna/kvet.jpeg  used on input line 72.
(pdftex.def)             Requested size: 112.85727pt x 150.43274pt.
<images/ceresna/kvet_christina1.jpeg, id=29, 3035.34pt x 4047.12pt>
File: images/ceresna/kvet_christina1.jpeg Graphic file (type jpg)
<use images/ceresna/kvet_christina1.jpeg>
Package pdftex.def Info: images/ceresna/kvet_christina1.jpeg  used on input lin
e 72.
(pdftex.def)             Requested size: 112.85727pt x 150.43274pt.
<images/ceresna/kvet_christina2.jpeg, id=30, 3035.34pt x 4047.12pt>
File: images/ceresna/kvet_christina2.jpeg Graphic file (type jpg)
<use images/ceresna/kvet_christina2.jpeg>
Package pdftex.def Info: images/ceresna/kvet_christina2.jpeg  used on input lin
e 72.
(pdftex.def)             Requested size: 112.85727pt x 150.43274pt.
runsystem(rm tmp/ceresna_main.tmp)...executed.


Overfull \hbox (470.802pt too wide) in paragraph at lines 72--75
$[]$  $[]$  $[]$  $[]$  []
 []

runsystem(ls -1 images/dub> tmp/dub_main.tmp)...executed.

\tmpFile=\read9
<images/dub/kora.jpeg, id=31, 3035.34pt x 4047.12pt>
File: images/dub/kora.jpeg Graphic file (type jpg)
<use images/dub/kora.jpeg>
Package pdftex.def Info: images/dub/kora.jpeg  used on input line 76.
(pdftex.def)             Requested size: 112.85727pt x 150.43274pt.
<images/dub/list.jpeg, id=32, 3035.34pt x 4047.12pt>
File: images/dub/list.jpeg Graphic file (type jpg)
<use images/dub/list.jpeg>
Package pdftex.def Info: images/dub/list.jpeg  used on input line 76.
(pdftex.def)             Requested size: 112.85727pt x 150.43274pt.
runsystem(rm tmp/dub_main.tmp)...executed.


Overfull \hbox (235.401pt too wide) in paragraph at lines 76--79
$[]$  $[]$  []
 []

runsystem(ls -1 images/pagastan_konsky> tmp/pagastan_konsky_main.tmp)...execute
d.

\tmpFile=\read10
<images/pagastan_konsky/kora.jpeg, id=33, 3035.34pt x 4047.12pt>
File: images/pagastan_konsky/kora.jpeg Graphic file (type jpg)
<use images/pagastan_konsky/kora.jpeg>
Package pdftex.def Info: images/pagastan_konsky/kora.jpeg  used on input line 8
0.
(pdftex.def)             Requested size: 112.85727pt x 150.43274pt.
<images/pagastan_konsky/kvet.jpeg, id=34, 3035.34pt x 4047.12pt>
File: images/pagastan_konsky/kvet.jpeg Graphic file (type jpg)
<use images/pagastan_konsky/kvet.jpeg>
Package pdftex.def Info: images/pagastan_konsky/kvet.jpeg  used on input line 8
0.
(pdftex.def)             Requested size: 112.85727pt x 150.43274pt.
<images/pagastan_konsky/main.jpeg, id=35, 3035.34pt x 4047.12pt>
File: images/pagastan_konsky/main.jpeg Graphic file (type jpg)
<use images/pagastan_konsky/main.jpeg>
Package pdftex.def Info: images/pagastan_konsky/main.jpeg  used on input line 8
0.
(pdftex.def)             Requested size: 112.85727pt x 150.43274pt.
runsystem(rm tmp/pagastan_konsky_main.tmp)...executed.


Overfull \hbox (353.1015pt too wide) in paragraph at lines 80--83
$[]$  $[]$  $[]$  []
 []

[3 <./images/borovica/ihlicie.jpeg> <./images/borovica/plod.jpeg> <./images/cer
esna/kora.jpeg> <./images/ceresna/kvet.jpeg> <./images/ceresna/kvet_christina1.
jpeg> <./images/ceresna/kvet_christina2.jpeg> <./images/dub/kora.jpeg> <./image
s/dub/list.jpeg>]
runsystem(ls -1 images/smrek> tmp/smrek_main.tmp)...executed.

\tmpFile=\read11
File: images/smrek/kora.jpeg Graphic file (type jpg)
<use images/smrek/kora.jpeg>
Package pdftex.def Info: images/smrek/kora.jpeg  used on input line 84.
(pdftex.def)             Requested size: 112.85727pt x 150.43274pt.
File: images/smrek/kora_closeup.jpeg Graphic file (type jpg)
<use images/smrek/kora_closeup.jpeg>
Package pdftex.def Info: images/smrek/kora_closeup.jpeg  used on input line 84.

(pdftex.def)             Requested size: 112.85727pt x 150.43274pt.
File: images/smrek/siska.jpeg Graphic file (type jpg)
<use images/smrek/siska.jpeg>
Package pdftex.def Info: images/smrek/siska.jpeg  used on input line 84.
(pdftex.def)             Requested size: 112.85727pt x 150.43274pt.
File: images/smrek/vetva.jpeg Graphic file (type jpg)
<use images/smrek/vetva.jpeg>
Package pdftex.def Info: images/smrek/vetva.jpeg  used on input line 84.
(pdftex.def)             Requested size: 112.85727pt x 150.43274pt.
runsystem(rm tmp/smrek_main.tmp)...executed.

 [4 <./images/pagastan_konsky/kora.jpeg> <./images/pagastan_konsky/kvet.jpeg> <
./images/pagastan_konsky/main.jpeg>]
(/usr/home/hackerman/Desktop/TexUndCo/Bio/Herbar/out/main.aux)
 ***********
LaTeX2e <2023-06-01> pre-release-2 (develop 2024-1-6 branch)
L3 programming layer <2023-02-22>
 ***********
 ) 
Here is how much of TeX's memory you used:
 4007 strings out of 476000
 68477 string characters out of 5793089
 1855432 words of memory out of 5000000
 24445 multiletter control sequences out of 15000+600000
 523012 words of font info for 56 fonts, out of 8000000 for 9000
 1141 hyphenation exceptions out of 8191
 57i,6n,62p,269b,206s stack positions out of 10000i,2500n,20000p,300000b,200000s
</usr/local/share/texmf-dist/fonts/type1/public/cm-super/sfbx1095.pfb></usr/l
ocal/share/texmf-dist/fonts/type1/public/cm-super/sfbx1200.pfb></usr/local/shar
e/texmf-dist/fonts/type1/public/cm-super/sfbx1440.pfb></usr/local/share/texmf-d
ist/fonts/type1/public/cm-super/sfrm1095.pfb></usr/local/share/texmf-dist/fonts
/type1/public/cm-super/sfrm1200.pfb></usr/local/share/texmf-dist/fonts/type1/pu
blic/cm-super/sfrm1728.pfb></usr/local/share/texmf-dist/fonts/type1/public/cm-s
uper/sfrm2488.pfb>
Output written on /usr/home/hackerman/Desktop/TexUndCo/Bio/Herbar/out/main.pdf 
(4 pages, 32865572 bytes).
PDF statistics:
 73 PDF objects out of 1000 (max. 8388607)
 32 compressed objects within 1 object stream
 0 named destinations out of 1000 (max. 500000)
 101 words of extra memory for PDF output out of 10000 (max. 10000000)

